{"/Users/omer/Ummati-backend/app.js": {"path":"/Users/omer/Ummati-backend/app.js","statementMap":{"0":{"start":{"line":1,"column":16},"end":{"line":1,"column":34}},"1":{"start":{"line":2,"column":13},"end":{"line":2,"column":28}},"2":{"start":{"line":3,"column":17},"end":{"line":3,"column":36}},"3":{"start":{"line":4,"column":15},"end":{"line":4,"column":32}},"4":{"start":{"line":5,"column":19},"end":{"line":5,"column":43}},"5":{"start":{"line":6,"column":19},"end":{"line":6,"column":44}},"6":{"start":{"line":7,"column":20},"end":{"line":7,"column":46}},"7":{"start":{"line":8,"column":20},"end":{"line":8,"column":45}},"8":{"start":{"line":9,"column":21},"end":{"line":9,"column":47}},"9":{"start":{"line":10,"column":22},"end":{"line":10,"column":50}},"10":{"start":{"line":11,"column":28},"end":{"line":11,"column":56}},"11":{"start":{"line":14,"column":0},"end":{"line":14,"column":16}},"12":{"start":{"line":16,"column":12},"end":{"line":16,"column":21}},"13":{"start":{"line":19,"column":0},"end":{"line":19,"column":16}},"14":{"start":{"line":20,"column":0},"end":{"line":20,"column":24}},"15":{"start":{"line":23,"column":0},"end":{"line":25,"column":67}},"16":{"start":{"line":24,"column":16},"end":{"line":24,"column":51}},"17":{"start":{"line":25,"column":18},"end":{"line":25,"column":65}},"18":{"start":{"line":28,"column":0},"end":{"line":28,"column":33}},"19":{"start":{"line":29,"column":0},"end":{"line":29,"column":51}},"20":{"start":{"line":30,"column":0},"end":{"line":30,"column":53}},"21":{"start":{"line":31,"column":0},"end":{"line":31,"column":52}},"22":{"start":{"line":32,"column":0},"end":{"line":32,"column":54}},"23":{"start":{"line":33,"column":0},"end":{"line":33,"column":57}},"24":{"start":{"line":36,"column":0},"end":{"line":39,"column":3}},"25":{"start":{"line":37,"column":4},"end":{"line":37,"column":29}},"26":{"start":{"line":38,"column":4},"end":{"line":38,"column":61}},"27":{"start":{"line":41,"column":13},"end":{"line":41,"column":37}},"28":{"start":{"line":43,"column":0},"end":{"line":47,"column":1}},"29":{"start":{"line":44,"column":4},"end":{"line":46,"column":7}},"30":{"start":{"line":45,"column":8},"end":{"line":45,"column":57}},"31":{"start":{"line":49,"column":0},"end":{"line":49,"column":21}}},"fnMap":{"0":{"name":"(anonymous_0)","decl":{"start":{"line":24,"column":10},"end":{"line":24,"column":11}},"loc":{"start":{"line":24,"column":16},"end":{"line":24,"column":51}},"line":24},"1":{"name":"(anonymous_1)","decl":{"start":{"line":25,"column":11},"end":{"line":25,"column":12}},"loc":{"start":{"line":25,"column":18},"end":{"line":25,"column":65}},"line":25},"2":{"name":"(anonymous_2)","decl":{"start":{"line":36,"column":8},"end":{"line":36,"column":9}},"loc":{"start":{"line":36,"column":33},"end":{"line":39,"column":1}},"line":36},"3":{"name":"(anonymous_3)","decl":{"start":{"line":44,"column":21},"end":{"line":44,"column":22}},"loc":{"start":{"line":44,"column":27},"end":{"line":46,"column":5}},"line":44}},"branchMap":{"0":{"loc":{"start":{"line":41,"column":13},"end":{"line":41,"column":37}},"type":"binary-expr","locations":[{"start":{"line":41,"column":13},"end":{"line":41,"column":29}},{"start":{"line":41,"column":33},"end":{"line":41,"column":37}}],"line":41},"1":{"loc":{"start":{"line":43,"column":0},"end":{"line":47,"column":1}},"type":"if","locations":[{"start":{"line":43,"column":0},"end":{"line":47,"column":1}},{"start":{},"end":{}}],"line":43}},"s":{"0":6,"1":6,"2":6,"3":6,"4":6,"5":6,"6":6,"7":6,"8":6,"9":6,"10":6,"11":6,"12":6,"13":6,"14":6,"15":6,"16":0,"17":6,"18":6,"19":6,"20":6,"21":6,"22":6,"23":6,"24":6,"25":0,"26":0,"27":6,"28":6,"29":0,"30":0,"31":6},"f":{"0":0,"1":6,"2":0,"3":0},"b":{"0":[6,0],"1":[0,6]},"_coverageSchema":"1a1c01bbd47fc00a2c39e90264f33305004495a9","hash":"42b8bc19d814e9327c6a7e1a91d1f5783ff1b146"}
,"/Users/omer/Ummati-backend/middleware/auth.js": {"path":"/Users/omer/Ummati-backend/middleware/auth.js","statementMap":{"0":{"start":{"line":1,"column":12},"end":{"line":1,"column":35}},"1":{"start":{"line":2,"column":31},"end":{"line":2,"column":53}},"2":{"start":{"line":4,"column":0},"end":{"line":21,"column":2}},"3":{"start":{"line":5,"column":18},"end":{"line":5,"column":60}},"4":{"start":{"line":6,"column":4},"end":{"line":8,"column":5}},"5":{"start":{"line":7,"column":8},"end":{"line":7,"column":65}},"6":{"start":{"line":10,"column":4},"end":{"line":12,"column":5}},"7":{"start":{"line":11,"column":8},"end":{"line":11,"column":79}},"8":{"start":{"line":14,"column":4},"end":{"line":20,"column":5}},"9":{"start":{"line":15,"column":24},"end":{"line":15,"column":65}},"10":{"start":{"line":16,"column":8},"end":{"line":16,"column":27}},"11":{"start":{"line":17,"column":8},"end":{"line":17,"column":15}},"12":{"start":{"line":19,"column":8},"end":{"line":19,"column":59}}},"fnMap":{"0":{"name":"(anonymous_0)","decl":{"start":{"line":4,"column":26},"end":{"line":4,"column":27}},"loc":{"start":{"line":4,"column":46},"end":{"line":21,"column":1}},"line":4}},"branchMap":{"0":{"loc":{"start":{"line":6,"column":4},"end":{"line":8,"column":5}},"type":"if","locations":[{"start":{"line":6,"column":4},"end":{"line":8,"column":5}},{"start":{},"end":{}}],"line":6},"1":{"loc":{"start":{"line":10,"column":4},"end":{"line":12,"column":5}},"type":"if","locations":[{"start":{"line":10,"column":4},"end":{"line":12,"column":5}},{"start":{},"end":{}}],"line":10}},"s":{"0":6,"1":6,"2":6,"3":0,"4":0,"5":0,"6":0,"7":0,"8":0,"9":0,"10":0,"11":0,"12":0},"f":{"0":0},"b":{"0":[0,0],"1":[0,0]},"_coverageSchema":"1a1c01bbd47fc00a2c39e90264f33305004495a9","hash":"33bd08c337c6c9a696a6085dfde5e11c3900d5cf"}
,"/Users/omer/Ummati-backend/middleware/blacklist.js": {"path":"/Users/omer/Ummati-backend/middleware/blacklist.js","statementMap":{"0":{"start":{"line":2,"column":26},"end":{"line":2,"column":35}},"1":{"start":{"line":5,"column":23},"end":{"line":7,"column":1}},"2":{"start":{"line":6,"column":4},"end":{"line":6,"column":33}},"3":{"start":{"line":10,"column":27},"end":{"line":12,"column":1}},"4":{"start":{"line":11,"column":4},"end":{"line":11,"column":40}},"5":{"start":{"line":14,"column":0},"end":{"line":14,"column":56}}},"fnMap":{"0":{"name":"(anonymous_0)","decl":{"start":{"line":5,"column":23},"end":{"line":5,"column":24}},"loc":{"start":{"line":5,"column":34},"end":{"line":7,"column":1}},"line":5},"1":{"name":"(anonymous_1)","decl":{"start":{"line":10,"column":27},"end":{"line":10,"column":28}},"loc":{"start":{"line":10,"column":38},"end":{"line":12,"column":1}},"line":10}},"branchMap":{},"s":{"0":6,"1":6,"2":0,"3":6,"4":0,"5":6},"f":{"0":0,"1":0},"b":{},"_coverageSchema":"1a1c01bbd47fc00a2c39e90264f33305004495a9","hash":"e66a1729381a9c37a82bc8b932e537b81ebc5c5d"}
,"/Users/omer/Ummati-backend/middleware/nodemailer.js": {"path":"/Users/omer/Ummati-backend/middleware/nodemailer.js","statementMap":{"0":{"start":{"line":1,"column":19},"end":{"line":1,"column":40}},"1":{"start":{"line":3,"column":20},"end":{"line":11,"column":2}},"2":{"start":{"line":13,"column":0},"end":{"line":13,"column":29}}},"fnMap":{},"branchMap":{},"s":{"0":6,"1":6,"2":6},"f":{},"b":{},"_coverageSchema":"1a1c01bbd47fc00a2c39e90264f33305004495a9","hash":"d930ec160f6dd0f22d310d85473bda4c505475dd"}
,"/Users/omer/Ummati-backend/middleware/s3.js": {"path":"/Users/omer/Ummati-backend/middleware/s3.js","statementMap":{"0":{"start":{"line":1,"column":39},"end":{"line":1,"column":68}},"1":{"start":{"line":2,"column":15},"end":{"line":2,"column":32}},"2":{"start":{"line":3,"column":21},"end":{"line":3,"column":38}},"3":{"start":{"line":6,"column":17},"end":{"line":12,"column":2}},"4":{"start":{"line":15,"column":22},"end":{"line":15,"column":44}},"5":{"start":{"line":17,"column":15},"end":{"line":20,"column":2}},"6":{"start":{"line":23,"column":19},"end":{"line":61,"column":1}},"7":{"start":{"line":24,"column":2},"end":{"line":60,"column":3}},"8":{"start":{"line":26,"column":6},"end":{"line":28,"column":7}},"9":{"start":{"line":27,"column":10},"end":{"line":27,"column":71}},"10":{"start":{"line":30,"column":49},"end":{"line":30,"column":57}},"11":{"start":{"line":31,"column":18},"end":{"line":31,"column":64}},"12":{"start":{"line":33,"column":6},"end":{"line":37,"column":9}},"13":{"start":{"line":40,"column":23},"end":{"line":48,"column":7}},"14":{"start":{"line":50,"column":6},"end":{"line":50,"column":53}},"15":{"start":{"line":53,"column":6},"end":{"line":53,"column":94}},"16":{"start":{"line":54,"column":6},"end":{"line":54,"column":62}},"17":{"start":{"line":56,"column":6},"end":{"line":56,"column":13}},"18":{"start":{"line":58,"column":6},"end":{"line":58,"column":54}},"19":{"start":{"line":59,"column":6},"end":{"line":59,"column":88}},"20":{"start":{"line":67,"column":0},"end":{"line":67,"column":40}}},"fnMap":{"0":{"name":"(anonymous_0)","decl":{"start":{"line":23,"column":19},"end":{"line":23,"column":20}},"loc":{"start":{"line":23,"column":45},"end":{"line":61,"column":1}},"line":23}},"branchMap":{"0":{"loc":{"start":{"line":26,"column":6},"end":{"line":28,"column":7}},"type":"if","locations":[{"start":{"line":26,"column":6},"end":{"line":28,"column":7}},{"start":{},"end":{}}],"line":26}},"s":{"0":6,"1":6,"2":6,"3":6,"4":6,"5":6,"6":6,"7":0,"8":0,"9":0,"10":0,"11":0,"12":0,"13":0,"14":0,"15":0,"16":0,"17":0,"18":0,"19":0,"20":6},"f":{"0":0},"b":{"0":[0,0]},"_coverageSchema":"1a1c01bbd47fc00a2c39e90264f33305004495a9","hash":"36ef3515f77313625e846f8e0051ae64b66a3080"}
,"/Users/omer/Ummati-backend/middleware/stripe.js": {"path":"/Users/omer/Ummati-backend/middleware/stripe.js","statementMap":{"0":{"start":{"line":1,"column":15},"end":{"line":1,"column":63}},"1":{"start":{"line":4,"column":29},"end":{"line":20,"column":1}},"2":{"start":{"line":5,"column":4},"end":{"line":19,"column":5}},"3":{"start":{"line":6,"column":25},"end":{"line":14,"column":10}},"4":{"start":{"line":15,"column":8},"end":{"line":15,"column":24}},"5":{"start":{"line":17,"column":8},"end":{"line":17,"column":64}},"6":{"start":{"line":18,"column":8},"end":{"line":18,"column":20}},"7":{"start":{"line":23,"column":33},"end":{"line":79,"column":1}},"8":{"start":{"line":24,"column":4},"end":{"line":78,"column":5}},"9":{"start":{"line":26,"column":8},"end":{"line":43,"column":9}},"10":{"start":{"line":28,"column":34},"end":{"line":37,"column":14}},"11":{"start":{"line":38,"column":12},"end":{"line":38,"column":47}},"12":{"start":{"line":42,"column":12},"end":{"line":42,"column":75}},"13":{"start":{"line":46,"column":8},"end":{"line":48,"column":11}},"14":{"start":{"line":51,"column":8},"end":{"line":57,"column":11}},"15":{"start":{"line":60,"column":29},"end":{"line":72,"column":10}},"16":{"start":{"line":74,"column":8},"end":{"line":74,"column":28}},"17":{"start":{"line":76,"column":8},"end":{"line":76,"column":68}},"18":{"start":{"line":77,"column":8},"end":{"line":77,"column":20}},"19":{"start":{"line":82,"column":33},"end":{"line":90,"column":1}},"20":{"start":{"line":83,"column":4},"end":{"line":89,"column":5}},"21":{"start":{"line":84,"column":29},"end":{"line":84,"column":78}},"22":{"start":{"line":85,"column":8},"end":{"line":85,"column":28}},"23":{"start":{"line":87,"column":8},"end":{"line":87,"column":69}},"24":{"start":{"line":88,"column":8},"end":{"line":88,"column":20}},"25":{"start":{"line":93,"column":33},"end":{"line":106,"column":1}},"26":{"start":{"line":94,"column":4},"end":{"line":105,"column":5}},"27":{"start":{"line":95,"column":29},"end":{"line":100,"column":10}},"28":{"start":{"line":101,"column":8},"end":{"line":101,"column":28}},"29":{"start":{"line":103,"column":8},"end":{"line":103,"column":68}},"30":{"start":{"line":104,"column":8},"end":{"line":104,"column":20}},"31":{"start":{"line":109,"column":28},"end":{"line":153,"column":1}},"32":{"start":{"line":110,"column":4},"end":{"line":152,"column":5}},"33":{"start":{"line":111,"column":30},"end":{"line":111,"column":48}},"34":{"start":{"line":114,"column":8},"end":{"line":127,"column":9}},"35":{"start":{"line":116,"column":34},"end":{"line":125,"column":14}},"36":{"start":{"line":126,"column":12},"end":{"line":126,"column":47}},"37":{"start":{"line":130,"column":8},"end":{"line":139,"column":9}},"38":{"start":{"line":131,"column":12},"end":{"line":133,"column":15}},"39":{"start":{"line":136,"column":12},"end":{"line":138,"column":13}},"40":{"start":{"line":137,"column":16},"end":{"line":137,"column":34}},"41":{"start":{"line":142,"column":8},"end":{"line":146,"column":11}},"42":{"start":{"line":148,"column":8},"end":{"line":148,"column":20}},"43":{"start":{"line":150,"column":8},"end":{"line":150,"column":63}},"44":{"start":{"line":151,"column":8},"end":{"line":151,"column":20}},"45":{"start":{"line":156,"column":22},"end":{"line":168,"column":1}},"46":{"start":{"line":157,"column":4},"end":{"line":167,"column":5}},"47":{"start":{"line":158,"column":23},"end":{"line":162,"column":10}},"48":{"start":{"line":163,"column":8},"end":{"line":163,"column":22}},"49":{"start":{"line":165,"column":8},"end":{"line":165,"column":57}},"50":{"start":{"line":166,"column":8},"end":{"line":166,"column":20}},"51":{"start":{"line":170,"column":0},"end":{"line":178,"column":2}}},"fnMap":{"0":{"name":"(anonymous_0)","decl":{"start":{"line":4,"column":29},"end":{"line":4,"column":30}},"loc":{"start":{"line":4,"column":52},"end":{"line":20,"column":1}},"line":4},"1":{"name":"(anonymous_1)","decl":{"start":{"line":23,"column":33},"end":{"line":23,"column":34}},"loc":{"start":{"line":23,"column":88},"end":{"line":79,"column":1}},"line":23},"2":{"name":"(anonymous_2)","decl":{"start":{"line":82,"column":33},"end":{"line":82,"column":34}},"loc":{"start":{"line":82,"column":59},"end":{"line":90,"column":1}},"line":82},"3":{"name":"(anonymous_3)","decl":{"start":{"line":93,"column":33},"end":{"line":93,"column":34}},"loc":{"start":{"line":93,"column":71},"end":{"line":106,"column":1}},"line":93},"4":{"name":"(anonymous_4)","decl":{"start":{"line":109,"column":28},"end":{"line":109,"column":29}},"loc":{"start":{"line":109,"column":70},"end":{"line":153,"column":1}},"line":109},"5":{"name":"(anonymous_5)","decl":{"start":{"line":156,"column":22},"end":{"line":156,"column":23}},"loc":{"start":{"line":156,"column":72},"end":{"line":168,"column":1}},"line":156}},"branchMap":{"0":{"loc":{"start":{"line":26,"column":8},"end":{"line":43,"column":9}},"type":"if","locations":[{"start":{"line":26,"column":8},"end":{"line":43,"column":9}},{"start":{"line":39,"column":15},"end":{"line":43,"column":9}}],"line":26},"1":{"loc":{"start":{"line":114,"column":8},"end":{"line":127,"column":9}},"type":"if","locations":[{"start":{"line":114,"column":8},"end":{"line":127,"column":9}},{"start":{},"end":{}}],"line":114},"2":{"loc":{"start":{"line":136,"column":12},"end":{"line":138,"column":13}},"type":"if","locations":[{"start":{"line":136,"column":12},"end":{"line":138,"column":13}},{"start":{},"end":{}}],"line":136},"3":{"loc":{"start":{"line":156,"column":54},"end":{"line":156,"column":67}},"type":"default-arg","locations":[{"start":{"line":156,"column":63},"end":{"line":156,"column":67}}],"line":156},"4":{"loc":{"start":{"line":161,"column":20},"end":{"line":161,"column":53}},"type":"binary-expr","locations":[{"start":{"line":161,"column":20},"end":{"line":161,"column":26}},{"start":{"line":161,"column":30},"end":{"line":161,"column":53}}],"line":161}},"s":{"0":6,"1":6,"2":0,"3":0,"4":0,"5":0,"6":0,"7":6,"8":0,"9":0,"10":0,"11":0,"12":0,"13":0,"14":0,"15":0,"16":0,"17":0,"18":0,"19":6,"20":0,"21":0,"22":0,"23":0,"24":0,"25":6,"26":0,"27":0,"28":0,"29":0,"30":0,"31":6,"32":0,"33":0,"34":0,"35":0,"36":0,"37":0,"38":0,"39":0,"40":0,"41":0,"42":0,"43":0,"44":0,"45":6,"46":0,"47":0,"48":0,"49":0,"50":0,"51":6},"f":{"0":0,"1":0,"2":0,"3":0,"4":0,"5":0},"b":{"0":[0,0],"1":[0,0],"2":[0,0],"3":[0],"4":[0,0]},"_coverageSchema":"1a1c01bbd47fc00a2c39e90264f33305004495a9","hash":"8f56d511e3edd5f937fe7f0df12c6d08b32e482e"}
,"/Users/omer/Ummati-backend/models/Events.js": {"path":"/Users/omer/Ummati-backend/models/Events.js","statementMap":{"0":{"start":{"line":1,"column":17},"end":{"line":1,"column":36}},"1":{"start":{"line":3,"column":20},"end":{"line":19,"column":2}},"2":{"start":{"line":21,"column":0},"end":{"line":21,"column":55}}},"fnMap":{},"branchMap":{},"s":{"0":6,"1":6,"2":6},"f":{},"b":{},"_coverageSchema":"1a1c01bbd47fc00a2c39e90264f33305004495a9","hash":"97852a465a799ca5b1b950386ae2e79754a4958f"}
,"/Users/omer/Ummati-backend/models/MembershipTier.js": {"path":"/Users/omer/Ummati-backend/models/MembershipTier.js","statementMap":{"0":{"start":{"line":1,"column":17},"end":{"line":1,"column":36}},"1":{"start":{"line":3,"column":29},"end":{"line":27,"column":2}},"2":{"start":{"line":9,"column":12},"end":{"line":9,"column":34}},"3":{"start":{"line":18,"column":12},"end":{"line":18,"column":34}},"4":{"start":{"line":29,"column":0},"end":{"line":29,"column":72}}},"fnMap":{"0":{"name":"(anonymous_0)","decl":{"start":{"line":8,"column":18},"end":{"line":8,"column":19}},"loc":{"start":{"line":8,"column":29},"end":{"line":10,"column":9}},"line":8},"1":{"name":"(anonymous_1)","decl":{"start":{"line":17,"column":18},"end":{"line":17,"column":19}},"loc":{"start":{"line":17,"column":29},"end":{"line":19,"column":9}},"line":17}},"branchMap":{},"s":{"0":6,"1":6,"2":0,"3":0,"4":6},"f":{"0":0,"1":0},"b":{},"_coverageSchema":"1a1c01bbd47fc00a2c39e90264f33305004495a9","hash":"02e1c4055dffc85bc9c0ea32c07aeccac68825e4"}
,"/Users/omer/Ummati-backend/models/Membersip.js": {"path":"/Users/omer/Ummati-backend/models/Membersip.js","statementMap":{"0":{"start":{"line":1,"column":17},"end":{"line":1,"column":36}},"1":{"start":{"line":3,"column":25},"end":{"line":25,"column":2}},"2":{"start":{"line":28,"column":0},"end":{"line":41,"column":3}},"3":{"start":{"line":29,"column":4},"end":{"line":39,"column":5}},"4":{"start":{"line":30,"column":31},"end":{"line":30,"column":63}},"5":{"start":{"line":31,"column":21},"end":{"line":31,"column":73}},"6":{"start":{"line":33,"column":8},"end":{"line":38,"column":9}},"7":{"start":{"line":35,"column":12},"end":{"line":35,"column":35}},"8":{"start":{"line":36,"column":12},"end":{"line":36,"column":49}},"9":{"start":{"line":37,"column":12},"end":{"line":37,"column":85}},"10":{"start":{"line":40,"column":4},"end":{"line":40,"column":11}},"11":{"start":{"line":43,"column":0},"end":{"line":43,"column":64}}},"fnMap":{"0":{"name":"(anonymous_0)","decl":{"start":{"line":28,"column":29},"end":{"line":28,"column":30}},"loc":{"start":{"line":28,"column":50},"end":{"line":41,"column":1}},"line":28}},"branchMap":{"0":{"loc":{"start":{"line":29,"column":4},"end":{"line":39,"column":5}},"type":"if","locations":[{"start":{"line":29,"column":4},"end":{"line":39,"column":5}},{"start":{},"end":{}}],"line":29},"1":{"loc":{"start":{"line":33,"column":8},"end":{"line":38,"column":9}},"type":"if","locations":[{"start":{"line":33,"column":8},"end":{"line":38,"column":9}},{"start":{},"end":{}}],"line":33},"2":{"loc":{"start":{"line":33,"column":12},"end":{"line":33,"column":36}},"type":"binary-expr","locations":[{"start":{"line":33,"column":12},"end":{"line":33,"column":16}},{"start":{"line":33,"column":20},"end":{"line":33,"column":36}}],"line":33}},"s":{"0":6,"1":6,"2":6,"3":0,"4":0,"5":0,"6":0,"7":0,"8":0,"9":0,"10":0,"11":6},"f":{"0":0},"b":{"0":[0,0],"1":[0,0],"2":[0,0]},"_coverageSchema":"1a1c01bbd47fc00a2c39e90264f33305004495a9","hash":"91992f67b7c23cebb6d7f04fb18e3eee5084d5f2"}
,"/Users/omer/Ummati-backend/models/Payments.js": {"path":"/Users/omer/Ummati-backend/models/Payments.js","statementMap":{"0":{"start":{"line":1,"column":17},"end":{"line":1,"column":36}},"1":{"start":{"line":3,"column":23},"end":{"line":22,"column":2}},"2":{"start":{"line":24,"column":0},"end":{"line":24,"column":60}}},"fnMap":{},"branchMap":{},"s":{"0":6,"1":6,"2":6},"f":{},"b":{},"_coverageSchema":"1a1c01bbd47fc00a2c39e90264f33305004495a9","hash":"cbc14a17ff7b83eb99722ee037fa8c5f7e83cc98"}
,"/Users/omer/Ummati-backend/models/QRCode.js": {"path":"/Users/omer/Ummati-backend/models/QRCode.js","statementMap":{"0":{"start":{"line":1,"column":17},"end":{"line":1,"column":36}},"1":{"start":{"line":3,"column":21},"end":{"line":30,"column":2}},"2":{"start":{"line":33,"column":0},"end":{"line":33,"column":37}},"3":{"start":{"line":34,"column":0},"end":{"line":34,"column":34}},"4":{"start":{"line":37,"column":0},"end":{"line":39,"column":2}},"5":{"start":{"line":38,"column":4},"end":{"line":38,"column":40}},"6":{"start":{"line":41,"column":0},"end":{"line":41,"column":56}}},"fnMap":{"0":{"name":"(anonymous_0)","decl":{"start":{"line":37,"column":33},"end":{"line":37,"column":34}},"loc":{"start":{"line":37,"column":44},"end":{"line":39,"column":1}},"line":37}},"branchMap":{},"s":{"0":1,"1":1,"2":1,"3":1,"4":1,"5":0,"6":1},"f":{"0":0},"b":{},"_coverageSchema":"1a1c01bbd47fc00a2c39e90264f33305004495a9","hash":"c85de0d2b6f05726eac7e983bf80a75152398ed6"}
,"/Users/omer/Ummati-backend/models/Users.js": {"path":"/Users/omer/Ummati-backend/models/Users.js","statementMap":{"0":{"start":{"line":1,"column":17},"end":{"line":1,"column":36}},"1":{"start":{"line":3,"column":20},"end":{"line":19,"column":2}},"2":{"start":{"line":21,"column":0},"end":{"line":21,"column":54}}},"fnMap":{},"branchMap":{},"s":{"0":6,"1":6,"2":6},"f":{},"b":{},"_coverageSchema":"1a1c01bbd47fc00a2c39e90264f33305004495a9","hash":"74aee3f7593a88144e7f1d887a539191da16c60e"}
,"/Users/omer/Ummati-backend/routes/admin.js": {"path":"/Users/omer/Ummati-backend/routes/admin.js","statementMap":{"0":{"start":{"line":1,"column":16},"end":{"line":1,"column":34}},"1":{"start":{"line":2,"column":15},"end":{"line":2,"column":31}},"2":{"start":{"line":3,"column":28},"end":{"line":3,"column":57}},"3":{"start":{"line":4,"column":13},"end":{"line":4,"column":39}},"4":{"start":{"line":5,"column":14},"end":{"line":5,"column":41}},"5":{"start":{"line":6,"column":17},"end":{"line":6,"column":46}},"6":{"start":{"line":7,"column":17},"end":{"line":7,"column":36}},"7":{"start":{"line":8,"column":15},"end":{"line":8,"column":63}},"8":{"start":{"line":9,"column":19},"end":{"line":9,"column":40}},"9":{"start":{"line":12,"column":16},"end":{"line":29,"column":1}},"10":{"start":{"line":13,"column":4},"end":{"line":28,"column":5}},"11":{"start":{"line":14,"column":21},"end":{"line":14,"column":53}},"12":{"start":{"line":15,"column":8},"end":{"line":20,"column":9}},"13":{"start":{"line":16,"column":12},"end":{"line":19,"column":15}},"14":{"start":{"line":21,"column":8},"end":{"line":21,"column":15}},"15":{"start":{"line":23,"column":8},"end":{"line":27,"column":11}},"16":{"start":{"line":32,"column":0},"end":{"line":99,"column":3}},"17":{"start":{"line":33,"column":4},"end":{"line":98,"column":5}},"18":{"start":{"line":35,"column":27},"end":{"line":35,"column":54}},"19":{"start":{"line":38,"column":28},"end":{"line":38,"column":56}},"20":{"start":{"line":41,"column":24},"end":{"line":44,"column":10}},"21":{"start":{"line":47,"column":31},"end":{"line":50,"column":45}},"22":{"start":{"line":53,"column":31},"end":{"line":57,"column":17}},"23":{"start":{"line":60,"column":29},"end":{"line":60,"column":39}},"24":{"start":{"line":61,"column":8},"end":{"line":61,"column":57}},"25":{"start":{"line":63,"column":26},"end":{"line":76,"column":10}},"26":{"start":{"line":78,"column":8},"end":{"line":90,"column":11}},"27":{"start":{"line":92,"column":8},"end":{"line":92,"column":63}},"28":{"start":{"line":93,"column":8},"end":{"line":97,"column":11}},"29":{"start":{"line":102,"column":0},"end":{"line":148,"column":3}},"30":{"start":{"line":103,"column":4},"end":{"line":147,"column":5}},"31":{"start":{"line":104,"column":55},"end":{"line":104,"column":64}},"32":{"start":{"line":107,"column":22},"end":{"line":107,"column":24}},"33":{"start":{"line":108,"column":8},"end":{"line":113,"column":9}},"34":{"start":{"line":109,"column":12},"end":{"line":112,"column":14}},"35":{"start":{"line":114,"column":8},"end":{"line":116,"column":9}},"36":{"start":{"line":115,"column":12},"end":{"line":115,"column":30}},"37":{"start":{"line":119,"column":22},"end":{"line":119,"column":54}},"38":{"start":{"line":122,"column":22},"end":{"line":126,"column":35}},"39":{"start":{"line":128,"column":8},"end":{"line":139,"column":11}},"40":{"start":{"line":141,"column":8},"end":{"line":141,"column":54}},"41":{"start":{"line":142,"column":8},"end":{"line":146,"column":11}},"42":{"start":{"line":151,"column":0},"end":{"line":179,"column":3}},"43":{"start":{"line":152,"column":4},"end":{"line":178,"column":5}},"44":{"start":{"line":153,"column":25},"end":{"line":153,"column":33}},"45":{"start":{"line":154,"column":21},"end":{"line":158,"column":29}},"46":{"start":{"line":160,"column":8},"end":{"line":165,"column":9}},"47":{"start":{"line":161,"column":12},"end":{"line":164,"column":15}},"48":{"start":{"line":167,"column":8},"end":{"line":170,"column":11}},"49":{"start":{"line":172,"column":8},"end":{"line":172,"column":58}},"50":{"start":{"line":173,"column":8},"end":{"line":177,"column":11}},"51":{"start":{"line":182,"column":0},"end":{"line":227,"column":3}},"52":{"start":{"line":183,"column":4},"end":{"line":226,"column":5}},"53":{"start":{"line":184,"column":22},"end":{"line":192,"column":10}},"54":{"start":{"line":195,"column":31},"end":{"line":210,"column":10}},"55":{"start":{"line":212,"column":8},"end":{"line":218,"column":11}},"56":{"start":{"line":220,"column":8},"end":{"line":220,"column":67}},"57":{"start":{"line":221,"column":8},"end":{"line":225,"column":11}},"58":{"start":{"line":231,"column":0},"end":{"line":242,"column":3}},"59":{"start":{"line":232,"column":4},"end":{"line":241,"column":5}},"60":{"start":{"line":233,"column":22},"end":{"line":235,"column":57}},"61":{"start":{"line":237,"column":8},"end":{"line":237,"column":36}},"62":{"start":{"line":239,"column":8},"end":{"line":239,"column":73}},"63":{"start":{"line":240,"column":8},"end":{"line":240,"column":55}},"64":{"start":{"line":245,"column":0},"end":{"line":286,"column":3}},"65":{"start":{"line":246,"column":4},"end":{"line":285,"column":5}},"66":{"start":{"line":247,"column":21},"end":{"line":247,"column":55}},"67":{"start":{"line":248,"column":8},"end":{"line":250,"column":9}},"68":{"start":{"line":249,"column":12},"end":{"line":249,"column":69}},"69":{"start":{"line":252,"column":8},"end":{"line":254,"column":9}},"70":{"start":{"line":253,"column":12},"end":{"line":253,"column":89}},"71":{"start":{"line":257,"column":8},"end":{"line":261,"column":10}},"72":{"start":{"line":263,"column":8},"end":{"line":263,"column":26}},"73":{"start":{"line":266,"column":28},"end":{"line":274,"column":9}},"74":{"start":{"line":276,"column":8},"end":{"line":276,"column":48}},"75":{"start":{"line":278,"column":8},"end":{"line":281,"column":11}},"76":{"start":{"line":283,"column":8},"end":{"line":283,"column":56}},"77":{"start":{"line":284,"column":8},"end":{"line":284,"column":55}},"78":{"start":{"line":289,"column":0},"end":{"line":321,"column":3}},"79":{"start":{"line":290,"column":4},"end":{"line":320,"column":5}},"80":{"start":{"line":291,"column":30},"end":{"line":294,"column":10}},"81":{"start":{"line":297,"column":33},"end":{"line":307,"column":9}},"82":{"start":{"line":299,"column":29},"end":{"line":301,"column":38}},"83":{"start":{"line":302,"column":16},"end":{"line":305,"column":18}},"84":{"start":{"line":309,"column":8},"end":{"line":312,"column":11}},"85":{"start":{"line":314,"column":8},"end":{"line":314,"column":62}},"86":{"start":{"line":315,"column":8},"end":{"line":319,"column":11}},"87":{"start":{"line":326,"column":0},"end":{"line":363,"column":3}},"88":{"start":{"line":327,"column":4},"end":{"line":362,"column":5}},"89":{"start":{"line":328,"column":76},"end":{"line":328,"column":84}},"90":{"start":{"line":331,"column":8},"end":{"line":336,"column":9}},"91":{"start":{"line":332,"column":12},"end":{"line":335,"column":15}},"92":{"start":{"line":339,"column":22},"end":{"line":347,"column":10}},"93":{"start":{"line":349,"column":8},"end":{"line":349,"column":27}},"94":{"start":{"line":351,"column":8},"end":{"line":354,"column":11}},"95":{"start":{"line":356,"column":8},"end":{"line":356,"column":54}},"96":{"start":{"line":357,"column":8},"end":{"line":361,"column":11}},"97":{"start":{"line":366,"column":0},"end":{"line":413,"column":3}},"98":{"start":{"line":367,"column":4},"end":{"line":412,"column":5}},"99":{"start":{"line":368,"column":69},"end":{"line":368,"column":78}},"100":{"start":{"line":371,"column":22},"end":{"line":371,"column":24}},"101":{"start":{"line":372,"column":8},"end":{"line":377,"column":9}},"102":{"start":{"line":373,"column":12},"end":{"line":376,"column":14}},"103":{"start":{"line":378,"column":8},"end":{"line":382,"column":9}},"104":{"start":{"line":379,"column":12},"end":{"line":379,"column":29}},"105":{"start":{"line":380,"column":12},"end":{"line":380,"column":66}},"106":{"start":{"line":380,"column":27},"end":{"line":380,"column":66}},"107":{"start":{"line":381,"column":12},"end":{"line":381,"column":62}},"108":{"start":{"line":381,"column":25},"end":{"line":381,"column":62}},"109":{"start":{"line":385,"column":22},"end":{"line":385,"column":55}},"110":{"start":{"line":388,"column":23},"end":{"line":391,"column":35}},"111":{"start":{"line":393,"column":8},"end":{"line":404,"column":11}},"112":{"start":{"line":406,"column":8},"end":{"line":406,"column":55}},"113":{"start":{"line":407,"column":8},"end":{"line":411,"column":11}},"114":{"start":{"line":416,"column":0},"end":{"line":439,"column":3}},"115":{"start":{"line":417,"column":4},"end":{"line":438,"column":5}},"116":{"start":{"line":418,"column":22},"end":{"line":418,"column":57}},"117":{"start":{"line":420,"column":8},"end":{"line":425,"column":9}},"118":{"start":{"line":421,"column":12},"end":{"line":424,"column":15}},"119":{"start":{"line":427,"column":8},"end":{"line":430,"column":11}},"120":{"start":{"line":432,"column":8},"end":{"line":432,"column":54}},"121":{"start":{"line":433,"column":8},"end":{"line":437,"column":11}},"122":{"start":{"line":442,"column":0},"end":{"line":471,"column":3}},"123":{"start":{"line":443,"column":4},"end":{"line":470,"column":5}},"124":{"start":{"line":444,"column":67},"end":{"line":444,"column":75}},"125":{"start":{"line":446,"column":22},"end":{"line":450,"column":9}},"126":{"start":{"line":452,"column":8},"end":{"line":457,"column":9}},"127":{"start":{"line":453,"column":12},"end":{"line":456,"column":15}},"128":{"start":{"line":459,"column":8},"end":{"line":462,"column":11}},"129":{"start":{"line":464,"column":8},"end":{"line":464,"column":54}},"130":{"start":{"line":465,"column":8},"end":{"line":469,"column":11}},"131":{"start":{"line":474,"column":0},"end":{"line":497,"column":3}},"132":{"start":{"line":475,"column":4},"end":{"line":496,"column":5}},"133":{"start":{"line":476,"column":22},"end":{"line":476,"column":66}},"134":{"start":{"line":478,"column":8},"end":{"line":483,"column":9}},"135":{"start":{"line":479,"column":12},"end":{"line":482,"column":15}},"136":{"start":{"line":485,"column":8},"end":{"line":488,"column":11}},"137":{"start":{"line":490,"column":8},"end":{"line":490,"column":54}},"138":{"start":{"line":491,"column":8},"end":{"line":495,"column":11}},"139":{"start":{"line":499,"column":0},"end":{"line":499,"column":24}}},"fnMap":{"0":{"name":"(anonymous_0)","decl":{"start":{"line":12,"column":16},"end":{"line":12,"column":17}},"loc":{"start":{"line":12,"column":42},"end":{"line":29,"column":1}},"line":12},"1":{"name":"(anonymous_1)","decl":{"start":{"line":32,"column":51},"end":{"line":32,"column":52}},"loc":{"start":{"line":32,"column":71},"end":{"line":99,"column":1}},"line":32},"2":{"name":"(anonymous_2)","decl":{"start":{"line":102,"column":47},"end":{"line":102,"column":48}},"loc":{"start":{"line":102,"column":67},"end":{"line":148,"column":1}},"line":102},"3":{"name":"(anonymous_3)","decl":{"start":{"line":151,"column":56},"end":{"line":151,"column":57}},"loc":{"start":{"line":151,"column":76},"end":{"line":179,"column":1}},"line":151},"4":{"name":"(anonymous_4)","decl":{"start":{"line":182,"column":56},"end":{"line":182,"column":57}},"loc":{"start":{"line":182,"column":76},"end":{"line":227,"column":1}},"line":182},"5":{"name":"(anonymous_5)","decl":{"start":{"line":231,"column":45},"end":{"line":231,"column":46}},"loc":{"start":{"line":231,"column":65},"end":{"line":242,"column":1}},"line":231},"6":{"name":"(anonymous_6)","decl":{"start":{"line":245,"column":56},"end":{"line":245,"column":57}},"loc":{"start":{"line":245,"column":76},"end":{"line":286,"column":1}},"line":245},"7":{"name":"(anonymous_7)","decl":{"start":{"line":289,"column":55},"end":{"line":289,"column":56}},"loc":{"start":{"line":289,"column":75},"end":{"line":321,"column":1}},"line":289},"8":{"name":"(anonymous_8)","decl":{"start":{"line":298,"column":35},"end":{"line":298,"column":36}},"loc":{"start":{"line":298,"column":50},"end":{"line":306,"column":13}},"line":298},"9":{"name":"(anonymous_9)","decl":{"start":{"line":326,"column":49},"end":{"line":326,"column":50}},"loc":{"start":{"line":326,"column":69},"end":{"line":363,"column":1}},"line":326},"10":{"name":"(anonymous_10)","decl":{"start":{"line":366,"column":48},"end":{"line":366,"column":49}},"loc":{"start":{"line":366,"column":68},"end":{"line":413,"column":1}},"line":366},"11":{"name":"(anonymous_11)","decl":{"start":{"line":416,"column":52},"end":{"line":416,"column":53}},"loc":{"start":{"line":416,"column":72},"end":{"line":439,"column":1}},"line":416},"12":{"name":"(anonymous_12)","decl":{"start":{"line":442,"column":52},"end":{"line":442,"column":53}},"loc":{"start":{"line":442,"column":72},"end":{"line":471,"column":1}},"line":442},"13":{"name":"(anonymous_13)","decl":{"start":{"line":474,"column":55},"end":{"line":474,"column":56}},"loc":{"start":{"line":474,"column":75},"end":{"line":497,"column":1}},"line":474}},"branchMap":{"0":{"loc":{"start":{"line":15,"column":8},"end":{"line":20,"column":9}},"type":"if","locations":[{"start":{"line":15,"column":8},"end":{"line":20,"column":9}},{"start":{},"end":{}}],"line":15},"1":{"loc":{"start":{"line":15,"column":12},"end":{"line":15,"column":42}},"type":"binary-expr","locations":[{"start":{"line":15,"column":12},"end":{"line":15,"column":17}},{"start":{"line":15,"column":21},"end":{"line":15,"column":42}}],"line":15},"2":{"loc":{"start":{"line":84,"column":34},"end":{"line":84,"column":56}},"type":"binary-expr","locations":[{"start":{"line":84,"column":34},"end":{"line":84,"column":51}},{"start":{"line":84,"column":55},"end":{"line":84,"column":56}}],"line":84},"3":{"loc":{"start":{"line":104,"column":16},"end":{"line":104,"column":24}},"type":"default-arg","locations":[{"start":{"line":104,"column":23},"end":{"line":104,"column":24}}],"line":104},"4":{"loc":{"start":{"line":104,"column":26},"end":{"line":104,"column":36}},"type":"default-arg","locations":[{"start":{"line":104,"column":34},"end":{"line":104,"column":36}}],"line":104},"5":{"loc":{"start":{"line":108,"column":8},"end":{"line":113,"column":9}},"type":"if","locations":[{"start":{"line":108,"column":8},"end":{"line":113,"column":9}},{"start":{},"end":{}}],"line":108},"6":{"loc":{"start":{"line":114,"column":8},"end":{"line":116,"column":9}},"type":"if","locations":[{"start":{"line":114,"column":8},"end":{"line":116,"column":9}},{"start":{},"end":{}}],"line":114},"7":{"loc":{"start":{"line":160,"column":8},"end":{"line":165,"column":9}},"type":"if","locations":[{"start":{"line":160,"column":8},"end":{"line":165,"column":9}},{"start":{},"end":{}}],"line":160},"8":{"loc":{"start":{"line":248,"column":8},"end":{"line":250,"column":9}},"type":"if","locations":[{"start":{"line":248,"column":8},"end":{"line":250,"column":9}},{"start":{},"end":{}}],"line":248},"9":{"loc":{"start":{"line":252,"column":8},"end":{"line":254,"column":9}},"type":"if","locations":[{"start":{"line":252,"column":8},"end":{"line":254,"column":9}},{"start":{},"end":{}}],"line":252},"10":{"loc":{"start":{"line":252,"column":12},"end":{"line":252,"column":59}},"type":"binary-expr","locations":[{"start":{"line":252,"column":12},"end":{"line":252,"column":29}},{"start":{"line":252,"column":33},"end":{"line":252,"column":59}}],"line":252},"11":{"loc":{"start":{"line":331,"column":8},"end":{"line":336,"column":9}},"type":"if","locations":[{"start":{"line":331,"column":8},"end":{"line":336,"column":9}},{"start":{},"end":{}}],"line":331},"12":{"loc":{"start":{"line":331,"column":12},"end":{"line":331,"column":63}},"type":"binary-expr","locations":[{"start":{"line":331,"column":12},"end":{"line":331,"column":20}},{"start":{"line":331,"column":24},"end":{"line":331,"column":29}},{"start":{"line":331,"column":33},"end":{"line":331,"column":45}},{"start":{"line":331,"column":49},"end":{"line":331,"column":55}},{"start":{"line":331,"column":59},"end":{"line":331,"column":63}}],"line":331},"13":{"loc":{"start":{"line":368,"column":16},"end":{"line":368,"column":24}},"type":"default-arg","locations":[{"start":{"line":368,"column":23},"end":{"line":368,"column":24}}],"line":368},"14":{"loc":{"start":{"line":368,"column":26},"end":{"line":368,"column":36}},"type":"default-arg","locations":[{"start":{"line":368,"column":34},"end":{"line":368,"column":36}}],"line":368},"15":{"loc":{"start":{"line":372,"column":8},"end":{"line":377,"column":9}},"type":"if","locations":[{"start":{"line":372,"column":8},"end":{"line":377,"column":9}},{"start":{},"end":{}}],"line":372},"16":{"loc":{"start":{"line":378,"column":8},"end":{"line":382,"column":9}},"type":"if","locations":[{"start":{"line":378,"column":8},"end":{"line":382,"column":9}},{"start":{},"end":{}}],"line":378},"17":{"loc":{"start":{"line":378,"column":12},"end":{"line":378,"column":32}},"type":"binary-expr","locations":[{"start":{"line":378,"column":12},"end":{"line":378,"column":21}},{"start":{"line":378,"column":25},"end":{"line":378,"column":32}}],"line":378},"18":{"loc":{"start":{"line":380,"column":12},"end":{"line":380,"column":66}},"type":"if","locations":[{"start":{"line":380,"column":12},"end":{"line":380,"column":66}},{"start":{},"end":{}}],"line":380},"19":{"loc":{"start":{"line":381,"column":12},"end":{"line":381,"column":62}},"type":"if","locations":[{"start":{"line":381,"column":12},"end":{"line":381,"column":62}},{"start":{},"end":{}}],"line":381},"20":{"loc":{"start":{"line":420,"column":8},"end":{"line":425,"column":9}},"type":"if","locations":[{"start":{"line":420,"column":8},"end":{"line":425,"column":9}},{"start":{},"end":{}}],"line":420},"21":{"loc":{"start":{"line":452,"column":8},"end":{"line":457,"column":9}},"type":"if","locations":[{"start":{"line":452,"column":8},"end":{"line":457,"column":9}},{"start":{},"end":{}}],"line":452},"22":{"loc":{"start":{"line":478,"column":8},"end":{"line":483,"column":9}},"type":"if","locations":[{"start":{"line":478,"column":8},"end":{"line":483,"column":9}},{"start":{},"end":{}}],"line":478}},"s":{"0":6,"1":6,"2":6,"3":6,"4":6,"5":6,"6":6,"7":6,"8":6,"9":6,"10":0,"11":0,"12":0,"13":0,"14":0,"15":0,"16":6,"17":0,"18":0,"19":0,"20":0,"21":0,"22":0,"23":0,"24":0,"25":0,"26":0,"27":0,"28":0,"29":6,"30":0,"31":0,"32":0,"33":0,"34":0,"35":0,"36":0,"37":0,"38":0,"39":0,"40":0,"41":0,"42":6,"43":0,"44":0,"45":0,"46":0,"47":0,"48":0,"49":0,"50":0,"51":6,"52":0,"53":0,"54":0,"55":0,"56":0,"57":0,"58":6,"59":0,"60":0,"61":0,"62":0,"63":0,"64":6,"65":0,"66":0,"67":0,"68":0,"69":0,"70":0,"71":0,"72":0,"73":0,"74":0,"75":0,"76":0,"77":0,"78":6,"79":0,"80":0,"81":0,"82":0,"83":0,"84":0,"85":0,"86":0,"87":6,"88":0,"89":0,"90":0,"91":0,"92":0,"93":0,"94":0,"95":0,"96":0,"97":6,"98":0,"99":0,"100":0,"101":0,"102":0,"103":0,"104":0,"105":0,"106":0,"107":0,"108":0,"109":0,"110":0,"111":0,"112":0,"113":0,"114":6,"115":0,"116":0,"117":0,"118":0,"119":0,"120":0,"121":0,"122":6,"123":0,"124":0,"125":0,"126":0,"127":0,"128":0,"129":0,"130":0,"131":6,"132":0,"133":0,"134":0,"135":0,"136":0,"137":0,"138":0,"139":6},"f":{"0":0,"1":0,"2":0,"3":0,"4":0,"5":0,"6":0,"7":0,"8":0,"9":0,"10":0,"11":0,"12":0,"13":0},"b":{"0":[0,0],"1":[0,0],"2":[0,0],"3":[0],"4":[0],"5":[0,0],"6":[0,0],"7":[0,0],"8":[0,0],"9":[0,0],"10":[0,0],"11":[0,0],"12":[0,0,0,0,0],"13":[0],"14":[0],"15":[0,0],"16":[0,0],"17":[0,0],"18":[0,0],"19":[0,0],"20":[0,0],"21":[0,0],"22":[0,0]},"_coverageSchema":"1a1c01bbd47fc00a2c39e90264f33305004495a9","hash":"65150c1fd8919fe1f7a35ede92cae040c2a0bb6b"}
,"/Users/omer/Ummati-backend/routes/auth.js": {"path":"/Users/omer/Ummati-backend/routes/auth.js","statementMap":{"0":{"start":{"line":1,"column":16},"end":{"line":1,"column":34}},"1":{"start":{"line":2,"column":15},"end":{"line":2,"column":32}},"2":{"start":{"line":3,"column":12},"end":{"line":3,"column":35}},"3":{"start":{"line":4,"column":15},"end":{"line":4,"column":32}},"4":{"start":{"line":5,"column":13},"end":{"line":5,"column":39}},"5":{"start":{"line":6,"column":19},"end":{"line":6,"column":49}},"6":{"start":{"line":7,"column":23},"end":{"line":7,"column":58}},"7":{"start":{"line":8,"column":19},"end":{"line":8,"column":40}},"8":{"start":{"line":9,"column":28},"end":{"line":9,"column":57}},"9":{"start":{"line":10,"column":31},"end":{"line":10,"column":58}},"10":{"start":{"line":11,"column":27},"end":{"line":11,"column":61}},"11":{"start":{"line":13,"column":15},"end":{"line":13,"column":31}},"12":{"start":{"line":16,"column":0},"end":{"line":62,"column":3}},"13":{"start":{"line":17,"column":4},"end":{"line":61,"column":5}},"14":{"start":{"line":18,"column":57},"end":{"line":18,"column":65}},"15":{"start":{"line":20,"column":8},"end":{"line":22,"column":9}},"16":{"start":{"line":21,"column":12},"end":{"line":21,"column":80}},"17":{"start":{"line":24,"column":29},"end":{"line":24,"column":58}},"18":{"start":{"line":25,"column":8},"end":{"line":27,"column":9}},"19":{"start":{"line":26,"column":12},"end":{"line":26,"column":77}},"20":{"start":{"line":29,"column":31},"end":{"line":29,"column":62}},"21":{"start":{"line":31,"column":21},"end":{"line":31,"column":96}},"22":{"start":{"line":34,"column":25},"end":{"line":34,"column":67}},"23":{"start":{"line":35,"column":8},"end":{"line":38,"column":9}},"24":{"start":{"line":36,"column":12},"end":{"line":36,"column":60}},"25":{"start":{"line":37,"column":12},"end":{"line":37,"column":87}},"26":{"start":{"line":41,"column":27},"end":{"line":47,"column":10}},"27":{"start":{"line":49,"column":8},"end":{"line":49,"column":32}},"28":{"start":{"line":52,"column":22},"end":{"line":52,"column":93}},"29":{"start":{"line":53,"column":8},"end":{"line":57,"column":11}},"30":{"start":{"line":59,"column":8},"end":{"line":59,"column":52}},"31":{"start":{"line":60,"column":8},"end":{"line":60,"column":80}},"32":{"start":{"line":65,"column":0},"end":{"line":104,"column":3}},"33":{"start":{"line":66,"column":4},"end":{"line":103,"column":5}},"34":{"start":{"line":67,"column":36},"end":{"line":67,"column":44}},"35":{"start":{"line":70,"column":8},"end":{"line":72,"column":9}},"36":{"start":{"line":71,"column":12},"end":{"line":71,"column":88}},"37":{"start":{"line":75,"column":21},"end":{"line":75,"column":50}},"38":{"start":{"line":76,"column":8},"end":{"line":78,"column":9}},"39":{"start":{"line":77,"column":12},"end":{"line":77,"column":82}},"40":{"start":{"line":81,"column":24},"end":{"line":81,"column":69}},"41":{"start":{"line":82,"column":8},"end":{"line":84,"column":9}},"42":{"start":{"line":83,"column":12},"end":{"line":83,"column":82}},"43":{"start":{"line":87,"column":22},"end":{"line":87,"column":93}},"44":{"start":{"line":90,"column":8},"end":{"line":100,"column":11}},"45":{"start":{"line":102,"column":8},"end":{"line":102,"column":80}},"46":{"start":{"line":108,"column":0},"end":{"line":155,"column":3}},"47":{"start":{"line":109,"column":4},"end":{"line":154,"column":5}},"48":{"start":{"line":110,"column":26},"end":{"line":110,"column":34}},"49":{"start":{"line":113,"column":8},"end":{"line":115,"column":9}},"50":{"start":{"line":114,"column":12},"end":{"line":114,"column":74}},"51":{"start":{"line":118,"column":21},"end":{"line":118,"column":50}},"52":{"start":{"line":119,"column":8},"end":{"line":121,"column":9}},"53":{"start":{"line":120,"column":12},"end":{"line":120,"column":71}},"54":{"start":{"line":124,"column":27},"end":{"line":124,"column":65}},"55":{"start":{"line":125,"column":8},"end":{"line":125,"column":95}},"56":{"start":{"line":126,"column":8},"end":{"line":126,"column":56}},"57":{"start":{"line":127,"column":8},"end":{"line":127,"column":26}},"58":{"start":{"line":130,"column":28},"end":{"line":138,"column":10}},"59":{"start":{"line":140,"column":25},"end":{"line":140,"column":97}},"60":{"start":{"line":141,"column":28},"end":{"line":146,"column":9}},"61":{"start":{"line":149,"column":8},"end":{"line":149,"column":48}},"62":{"start":{"line":150,"column":8},"end":{"line":150,"column":79}},"63":{"start":{"line":152,"column":8},"end":{"line":152,"column":64}},"64":{"start":{"line":153,"column":8},"end":{"line":153,"column":80}},"65":{"start":{"line":159,"column":0},"end":{"line":182,"column":3}},"66":{"start":{"line":160,"column":4},"end":{"line":181,"column":5}},"67":{"start":{"line":161,"column":26},"end":{"line":161,"column":36}},"68":{"start":{"line":162,"column":29},"end":{"line":162,"column":37}},"69":{"start":{"line":165,"column":28},"end":{"line":165,"column":83}},"70":{"start":{"line":166,"column":21},"end":{"line":166,"column":118}},"71":{"start":{"line":168,"column":8},"end":{"line":170,"column":9}},"72":{"start":{"line":169,"column":12},"end":{"line":169,"column":81}},"73":{"start":{"line":173,"column":8},"end":{"line":173,"column":56}},"74":{"start":{"line":174,"column":8},"end":{"line":174,"column":44}},"75":{"start":{"line":175,"column":8},"end":{"line":175,"column":45}},"76":{"start":{"line":176,"column":8},"end":{"line":176,"column":26}},"77":{"start":{"line":178,"column":8},"end":{"line":178,"column":71}},"78":{"start":{"line":180,"column":8},"end":{"line":180,"column":80}},"79":{"start":{"line":185,"column":0},"end":{"line":221,"column":3}},"80":{"start":{"line":186,"column":4},"end":{"line":220,"column":5}},"81":{"start":{"line":187,"column":114},"end":{"line":187,"column":122}},"82":{"start":{"line":188,"column":23},"end":{"line":188,"column":31}},"83":{"start":{"line":191,"column":29},"end":{"line":191,"column":31}},"84":{"start":{"line":192,"column":8},"end":{"line":192,"column":58}},"85":{"start":{"line":192,"column":23},"end":{"line":192,"column":58}},"86":{"start":{"line":193,"column":8},"end":{"line":193,"column":55}},"87":{"start":{"line":193,"column":22},"end":{"line":193,"column":55}},"88":{"start":{"line":194,"column":8},"end":{"line":194,"column":58}},"89":{"start":{"line":194,"column":23},"end":{"line":194,"column":58}},"90":{"start":{"line":195,"column":8},"end":{"line":195,"column":55}},"91":{"start":{"line":195,"column":22},"end":{"line":195,"column":55}},"92":{"start":{"line":196,"column":8},"end":{"line":196,"column":70}},"93":{"start":{"line":196,"column":27},"end":{"line":196,"column":70}},"94":{"start":{"line":197,"column":8},"end":{"line":197,"column":43}},"95":{"start":{"line":197,"column":18},"end":{"line":197,"column":43}},"96":{"start":{"line":198,"column":8},"end":{"line":198,"column":46}},"97":{"start":{"line":198,"column":19},"end":{"line":198,"column":46}},"98":{"start":{"line":199,"column":8},"end":{"line":199,"column":61}},"99":{"start":{"line":199,"column":24},"end":{"line":199,"column":61}},"100":{"start":{"line":200,"column":8},"end":{"line":200,"column":64}},"101":{"start":{"line":200,"column":25},"end":{"line":200,"column":64}},"102":{"start":{"line":203,"column":28},"end":{"line":207,"column":9}},"103":{"start":{"line":209,"column":8},"end":{"line":211,"column":9}},"104":{"start":{"line":210,"column":12},"end":{"line":210,"column":71}},"105":{"start":{"line":213,"column":8},"end":{"line":216,"column":11}},"106":{"start":{"line":218,"column":8},"end":{"line":218,"column":56}},"107":{"start":{"line":219,"column":8},"end":{"line":219,"column":80}},"108":{"start":{"line":226,"column":0},"end":{"line":252,"column":3}},"109":{"start":{"line":227,"column":4},"end":{"line":251,"column":5}},"110":{"start":{"line":228,"column":8},"end":{"line":228,"column":58}},"111":{"start":{"line":230,"column":8},"end":{"line":233,"column":9}},"112":{"start":{"line":231,"column":12},"end":{"line":231,"column":46}},"113":{"start":{"line":232,"column":12},"end":{"line":232,"column":73}},"114":{"start":{"line":235,"column":8},"end":{"line":239,"column":11}},"115":{"start":{"line":241,"column":8},"end":{"line":241,"column":80}},"116":{"start":{"line":244,"column":8},"end":{"line":247,"column":11}},"117":{"start":{"line":249,"column":8},"end":{"line":249,"column":62}},"118":{"start":{"line":250,"column":8},"end":{"line":250,"column":90}},"119":{"start":{"line":255,"column":0},"end":{"line":284,"column":3}},"120":{"start":{"line":256,"column":4},"end":{"line":283,"column":5}},"121":{"start":{"line":257,"column":23},"end":{"line":257,"column":31}},"122":{"start":{"line":259,"column":8},"end":{"line":261,"column":9}},"123":{"start":{"line":260,"column":12},"end":{"line":260,"column":93}},"124":{"start":{"line":263,"column":34},"end":{"line":263,"column":51}},"125":{"start":{"line":266,"column":28},"end":{"line":270,"column":9}},"126":{"start":{"line":272,"column":8},"end":{"line":274,"column":9}},"127":{"start":{"line":273,"column":12},"end":{"line":273,"column":71}},"128":{"start":{"line":276,"column":8},"end":{"line":279,"column":11}},"129":{"start":{"line":281,"column":8},"end":{"line":281,"column":64}},"130":{"start":{"line":282,"column":8},"end":{"line":282,"column":80}},"131":{"start":{"line":288,"column":0},"end":{"line":301,"column":3}},"132":{"start":{"line":289,"column":4},"end":{"line":300,"column":5}},"133":{"start":{"line":290,"column":23},"end":{"line":290,"column":31}},"134":{"start":{"line":291,"column":21},"end":{"line":291,"column":44}},"135":{"start":{"line":293,"column":8},"end":{"line":295,"column":9}},"136":{"start":{"line":294,"column":12},"end":{"line":294,"column":71}},"137":{"start":{"line":297,"column":8},"end":{"line":297,"column":39}},"138":{"start":{"line":299,"column":8},"end":{"line":299,"column":80}},"139":{"start":{"line":304,"column":0},"end":{"line":321,"column":3}},"140":{"start":{"line":305,"column":4},"end":{"line":320,"column":5}},"141":{"start":{"line":307,"column":22},"end":{"line":307,"column":64}},"142":{"start":{"line":309,"column":8},"end":{"line":311,"column":9}},"143":{"start":{"line":310,"column":12},"end":{"line":310,"column":74}},"144":{"start":{"line":314,"column":8},"end":{"line":314,"column":30}},"145":{"start":{"line":316,"column":8},"end":{"line":316,"column":69}},"146":{"start":{"line":318,"column":8},"end":{"line":318,"column":46}},"147":{"start":{"line":319,"column":8},"end":{"line":319,"column":80}},"148":{"start":{"line":324,"column":0},"end":{"line":324,"column":24}}},"fnMap":{"0":{"name":"(anonymous_0)","decl":{"start":{"line":16,"column":25},"end":{"line":16,"column":26}},"loc":{"start":{"line":16,"column":45},"end":{"line":62,"column":1}},"line":16},"1":{"name":"(anonymous_1)","decl":{"start":{"line":65,"column":22},"end":{"line":65,"column":23}},"loc":{"start":{"line":65,"column":42},"end":{"line":104,"column":1}},"line":65},"2":{"name":"(anonymous_2)","decl":{"start":{"line":108,"column":32},"end":{"line":108,"column":33}},"loc":{"start":{"line":108,"column":52},"end":{"line":155,"column":1}},"line":108},"3":{"name":"(anonymous_3)","decl":{"start":{"line":159,"column":37},"end":{"line":159,"column":38}},"loc":{"start":{"line":159,"column":57},"end":{"line":182,"column":1}},"line":159},"4":{"name":"(anonymous_4)","decl":{"start":{"line":185,"column":47},"end":{"line":185,"column":48}},"loc":{"start":{"line":185,"column":67},"end":{"line":221,"column":1}},"line":185},"5":{"name":"(anonymous_5)","decl":{"start":{"line":226,"column":65},"end":{"line":226,"column":66}},"loc":{"start":{"line":226,"column":85},"end":{"line":252,"column":1}},"line":226},"6":{"name":"(anonymous_6)","decl":{"start":{"line":255,"column":93},"end":{"line":255,"column":94}},"loc":{"start":{"line":255,"column":113},"end":{"line":284,"column":1}},"line":255},"7":{"name":"(anonymous_7)","decl":{"start":{"line":288,"column":40},"end":{"line":288,"column":41}},"loc":{"start":{"line":288,"column":60},"end":{"line":301,"column":1}},"line":288},"8":{"name":"(anonymous_8)","decl":{"start":{"line":304,"column":40},"end":{"line":304,"column":41}},"loc":{"start":{"line":304,"column":54},"end":{"line":321,"column":1}},"line":304}},"branchMap":{"0":{"loc":{"start":{"line":20,"column":8},"end":{"line":22,"column":9}},"type":"if","locations":[{"start":{"line":20,"column":8},"end":{"line":22,"column":9}},{"start":{},"end":{}}],"line":20},"1":{"loc":{"start":{"line":20,"column":12},"end":{"line":20,"column":58}},"type":"binary-expr","locations":[{"start":{"line":20,"column":12},"end":{"line":20,"column":22}},{"start":{"line":20,"column":26},"end":{"line":20,"column":35}},{"start":{"line":20,"column":39},"end":{"line":20,"column":45}},{"start":{"line":20,"column":49},"end":{"line":20,"column":58}}],"line":20},"2":{"loc":{"start":{"line":25,"column":8},"end":{"line":27,"column":9}},"type":"if","locations":[{"start":{"line":25,"column":8},"end":{"line":27,"column":9}},{"start":{},"end":{}}],"line":25},"3":{"loc":{"start":{"line":35,"column":8},"end":{"line":38,"column":9}},"type":"if","locations":[{"start":{"line":35,"column":8},"end":{"line":38,"column":9}},{"start":{},"end":{}}],"line":35},"4":{"loc":{"start":{"line":70,"column":8},"end":{"line":72,"column":9}},"type":"if","locations":[{"start":{"line":70,"column":8},"end":{"line":72,"column":9}},{"start":{},"end":{}}],"line":70},"5":{"loc":{"start":{"line":70,"column":12},"end":{"line":70,"column":31}},"type":"binary-expr","locations":[{"start":{"line":70,"column":12},"end":{"line":70,"column":18}},{"start":{"line":70,"column":22},"end":{"line":70,"column":31}}],"line":70},"6":{"loc":{"start":{"line":76,"column":8},"end":{"line":78,"column":9}},"type":"if","locations":[{"start":{"line":76,"column":8},"end":{"line":78,"column":9}},{"start":{},"end":{}}],"line":76},"7":{"loc":{"start":{"line":82,"column":8},"end":{"line":84,"column":9}},"type":"if","locations":[{"start":{"line":82,"column":8},"end":{"line":84,"column":9}},{"start":{},"end":{}}],"line":82},"8":{"loc":{"start":{"line":98,"column":32},"end":{"line":98,"column":59}},"type":"binary-expr","locations":[{"start":{"line":98,"column":32},"end":{"line":98,"column":51}},{"start":{"line":98,"column":55},"end":{"line":98,"column":59}}],"line":98},"9":{"loc":{"start":{"line":113,"column":8},"end":{"line":115,"column":9}},"type":"if","locations":[{"start":{"line":113,"column":8},"end":{"line":115,"column":9}},{"start":{},"end":{}}],"line":113},"10":{"loc":{"start":{"line":119,"column":8},"end":{"line":121,"column":9}},"type":"if","locations":[{"start":{"line":119,"column":8},"end":{"line":121,"column":9}},{"start":{},"end":{}}],"line":119},"11":{"loc":{"start":{"line":168,"column":8},"end":{"line":170,"column":9}},"type":"if","locations":[{"start":{"line":168,"column":8},"end":{"line":170,"column":9}},{"start":{},"end":{}}],"line":168},"12":{"loc":{"start":{"line":192,"column":8},"end":{"line":192,"column":58}},"type":"if","locations":[{"start":{"line":192,"column":8},"end":{"line":192,"column":58}},{"start":{},"end":{}}],"line":192},"13":{"loc":{"start":{"line":193,"column":8},"end":{"line":193,"column":55}},"type":"if","locations":[{"start":{"line":193,"column":8},"end":{"line":193,"column":55}},{"start":{},"end":{}}],"line":193},"14":{"loc":{"start":{"line":194,"column":8},"end":{"line":194,"column":58}},"type":"if","locations":[{"start":{"line":194,"column":8},"end":{"line":194,"column":58}},{"start":{},"end":{}}],"line":194},"15":{"loc":{"start":{"line":195,"column":8},"end":{"line":195,"column":55}},"type":"if","locations":[{"start":{"line":195,"column":8},"end":{"line":195,"column":55}},{"start":{},"end":{}}],"line":195},"16":{"loc":{"start":{"line":196,"column":8},"end":{"line":196,"column":70}},"type":"if","locations":[{"start":{"line":196,"column":8},"end":{"line":196,"column":70}},{"start":{},"end":{}}],"line":196},"17":{"loc":{"start":{"line":197,"column":8},"end":{"line":197,"column":43}},"type":"if","locations":[{"start":{"line":197,"column":8},"end":{"line":197,"column":43}},{"start":{},"end":{}}],"line":197},"18":{"loc":{"start":{"line":198,"column":8},"end":{"line":198,"column":46}},"type":"if","locations":[{"start":{"line":198,"column":8},"end":{"line":198,"column":46}},{"start":{},"end":{}}],"line":198},"19":{"loc":{"start":{"line":199,"column":8},"end":{"line":199,"column":61}},"type":"if","locations":[{"start":{"line":199,"column":8},"end":{"line":199,"column":61}},{"start":{},"end":{}}],"line":199},"20":{"loc":{"start":{"line":200,"column":8},"end":{"line":200,"column":64}},"type":"if","locations":[{"start":{"line":200,"column":8},"end":{"line":200,"column":64}},{"start":{},"end":{}}],"line":200},"21":{"loc":{"start":{"line":209,"column":8},"end":{"line":211,"column":9}},"type":"if","locations":[{"start":{"line":209,"column":8},"end":{"line":211,"column":9}},{"start":{},"end":{}}],"line":209},"22":{"loc":{"start":{"line":230,"column":8},"end":{"line":233,"column":9}},"type":"if","locations":[{"start":{"line":230,"column":8},"end":{"line":233,"column":9}},{"start":{},"end":{}}],"line":230},"23":{"loc":{"start":{"line":259,"column":8},"end":{"line":261,"column":9}},"type":"if","locations":[{"start":{"line":259,"column":8},"end":{"line":261,"column":9}},{"start":{},"end":{}}],"line":259},"24":{"loc":{"start":{"line":259,"column":12},"end":{"line":259,"column":43}},"type":"binary-expr","locations":[{"start":{"line":259,"column":12},"end":{"line":259,"column":21}},{"start":{"line":259,"column":25},"end":{"line":259,"column":43}}],"line":259},"25":{"loc":{"start":{"line":272,"column":8},"end":{"line":274,"column":9}},"type":"if","locations":[{"start":{"line":272,"column":8},"end":{"line":274,"column":9}},{"start":{},"end":{}}],"line":272},"26":{"loc":{"start":{"line":293,"column":8},"end":{"line":295,"column":9}},"type":"if","locations":[{"start":{"line":293,"column":8},"end":{"line":295,"column":9}},{"start":{},"end":{}}],"line":293},"27":{"loc":{"start":{"line":309,"column":8},"end":{"line":311,"column":9}},"type":"if","locations":[{"start":{"line":309,"column":8},"end":{"line":311,"column":9}},{"start":{},"end":{}}],"line":309}},"s":{"0":6,"1":6,"2":6,"3":6,"4":6,"5":6,"6":6,"7":6,"8":6,"9":6,"10":6,"11":6,"12":6,"13":0,"14":0,"15":0,"16":0,"17":0,"18":0,"19":0,"20":0,"21":0,"22":0,"23":0,"24":0,"25":0,"26":0,"27":0,"28":0,"29":0,"30":0,"31":0,"32":6,"33":0,"34":0,"35":0,"36":0,"37":0,"38":0,"39":0,"40":0,"41":0,"42":0,"43":0,"44":0,"45":0,"46":6,"47":0,"48":0,"49":0,"50":0,"51":0,"52":0,"53":0,"54":0,"55":0,"56":0,"57":0,"58":0,"59":0,"60":0,"61":0,"62":0,"63":0,"64":0,"65":6,"66":0,"67":0,"68":0,"69":0,"70":0,"71":0,"72":0,"73":0,"74":0,"75":0,"76":0,"77":0,"78":0,"79":6,"80":0,"81":0,"82":0,"83":0,"84":0,"85":0,"86":0,"87":0,"88":0,"89":0,"90":0,"91":0,"92":0,"93":0,"94":0,"95":0,"96":0,"97":0,"98":0,"99":0,"100":0,"101":0,"102":0,"103":0,"104":0,"105":0,"106":0,"107":0,"108":6,"109":0,"110":0,"111":0,"112":0,"113":0,"114":0,"115":0,"116":0,"117":0,"118":0,"119":6,"120":0,"121":0,"122":0,"123":0,"124":0,"125":0,"126":0,"127":0,"128":0,"129":0,"130":0,"131":6,"132":0,"133":0,"134":0,"135":0,"136":0,"137":0,"138":0,"139":6,"140":0,"141":0,"142":0,"143":0,"144":0,"145":0,"146":0,"147":0,"148":6},"f":{"0":0,"1":0,"2":0,"3":0,"4":0,"5":0,"6":0,"7":0,"8":0},"b":{"0":[0,0],"1":[0,0,0,0],"2":[0,0],"3":[0,0],"4":[0,0],"5":[0,0],"6":[0,0],"7":[0,0],"8":[0,0],"9":[0,0],"10":[0,0],"11":[0,0],"12":[0,0],"13":[0,0],"14":[0,0],"15":[0,0],"16":[0,0],"17":[0,0],"18":[0,0],"19":[0,0],"20":[0,0],"21":[0,0],"22":[0,0],"23":[0,0],"24":[0,0],"25":[0,0],"26":[0,0],"27":[0,0]},"_coverageSchema":"1a1c01bbd47fc00a2c39e90264f33305004495a9","hash":"1d194046ed5aded54feade38433650c1001dc4d6"}
,"/Users/omer/Ummati-backend/routes/events.js": {"path":"/Users/omer/Ummati-backend/routes/events.js","statementMap":{"0":{"start":{"line":1,"column":14},"end":{"line":1,"column":41}},"1":{"start":{"line":2,"column":16},"end":{"line":2,"column":34}},"2":{"start":{"line":3,"column":15},"end":{"line":3,"column":31}},"3":{"start":{"line":4,"column":17},"end":{"line":4,"column":36}},"4":{"start":{"line":7,"column":0},"end":{"line":61,"column":3}},"5":{"start":{"line":8,"column":4},"end":{"line":60,"column":5}},"6":{"start":{"line":16,"column":12},"end":{"line":16,"column":21}},"7":{"start":{"line":19,"column":22},"end":{"line":19,"column":24}},"8":{"start":{"line":20,"column":8},"end":{"line":25,"column":9}},"9":{"start":{"line":21,"column":12},"end":{"line":24,"column":14}},"10":{"start":{"line":26,"column":8},"end":{"line":30,"column":9}},"11":{"start":{"line":27,"column":12},"end":{"line":27,"column":29}},"12":{"start":{"line":28,"column":12},"end":{"line":28,"column":66}},"13":{"start":{"line":28,"column":27},"end":{"line":28,"column":66}},"14":{"start":{"line":29,"column":12},"end":{"line":29,"column":62}},"15":{"start":{"line":29,"column":25},"end":{"line":29,"column":62}},"16":{"start":{"line":33,"column":22},"end":{"line":33,"column":55}},"17":{"start":{"line":36,"column":23},"end":{"line":39,"column":35}},"18":{"start":{"line":41,"column":8},"end":{"line":52,"column":11}},"19":{"start":{"line":54,"column":8},"end":{"line":54,"column":55}},"20":{"start":{"line":55,"column":8},"end":{"line":59,"column":11}},"21":{"start":{"line":64,"column":0},"end":{"line":87,"column":3}},"22":{"start":{"line":65,"column":4},"end":{"line":86,"column":5}},"23":{"start":{"line":66,"column":22},"end":{"line":66,"column":57}},"24":{"start":{"line":68,"column":8},"end":{"line":73,"column":9}},"25":{"start":{"line":69,"column":12},"end":{"line":72,"column":15}},"26":{"start":{"line":75,"column":8},"end":{"line":78,"column":11}},"27":{"start":{"line":80,"column":8},"end":{"line":80,"column":54}},"28":{"start":{"line":81,"column":8},"end":{"line":85,"column":11}},"29":{"start":{"line":90,"column":0},"end":{"line":113,"column":3}},"30":{"start":{"line":91,"column":4},"end":{"line":112,"column":5}},"31":{"start":{"line":92,"column":30},"end":{"line":92,"column":39}},"32":{"start":{"line":93,"column":20},"end":{"line":93,"column":30}},"33":{"start":{"line":95,"column":23},"end":{"line":99,"column":31}},"34":{"start":{"line":101,"column":8},"end":{"line":104,"column":11}},"35":{"start":{"line":106,"column":8},"end":{"line":106,"column":64}},"36":{"start":{"line":107,"column":8},"end":{"line":111,"column":11}},"37":{"start":{"line":116,"column":0},"end":{"line":152,"column":3}},"38":{"start":{"line":117,"column":4},"end":{"line":151,"column":5}},"39":{"start":{"line":118,"column":41},"end":{"line":118,"column":50}},"40":{"start":{"line":119,"column":20},"end":{"line":119,"column":30}},"41":{"start":{"line":121,"column":22},"end":{"line":123,"column":10}},"42":{"start":{"line":125,"column":23},"end":{"line":130,"column":31}},"43":{"start":{"line":132,"column":8},"end":{"line":143,"column":11}},"44":{"start":{"line":145,"column":8},"end":{"line":145,"column":60}},"45":{"start":{"line":146,"column":8},"end":{"line":150,"column":11}},"46":{"start":{"line":155,"column":0},"end":{"line":219,"column":3}},"47":{"start":{"line":156,"column":4},"end":{"line":218,"column":5}},"48":{"start":{"line":165,"column":12},"end":{"line":165,"column":21}},"49":{"start":{"line":167,"column":28},"end":{"line":167,"column":30}},"50":{"start":{"line":170,"column":8},"end":{"line":175,"column":9}},"51":{"start":{"line":171,"column":12},"end":{"line":174,"column":14}},"52":{"start":{"line":178,"column":8},"end":{"line":182,"column":9}},"53":{"start":{"line":179,"column":12},"end":{"line":179,"column":35}},"54":{"start":{"line":180,"column":12},"end":{"line":180,"column":72}},"55":{"start":{"line":180,"column":27},"end":{"line":180,"column":72}},"56":{"start":{"line":181,"column":12},"end":{"line":181,"column":68}},"57":{"start":{"line":181,"column":25},"end":{"line":181,"column":68}},"58":{"start":{"line":185,"column":8},"end":{"line":187,"column":9}},"59":{"start":{"line":186,"column":12},"end":{"line":186,"column":72}},"60":{"start":{"line":188,"column":8},"end":{"line":190,"column":9}},"61":{"start":{"line":189,"column":12},"end":{"line":189,"column":74}},"62":{"start":{"line":192,"column":22},"end":{"line":192,"column":61}},"63":{"start":{"line":194,"column":23},"end":{"line":197,"column":35}},"64":{"start":{"line":199,"column":8},"end":{"line":210,"column":11}},"65":{"start":{"line":212,"column":8},"end":{"line":212,"column":56}},"66":{"start":{"line":213,"column":8},"end":{"line":217,"column":11}},"67":{"start":{"line":222,"column":0},"end":{"line":256,"column":3}},"68":{"start":{"line":223,"column":4},"end":{"line":255,"column":5}},"69":{"start":{"line":224,"column":8},"end":{"line":224,"column":63}},"70":{"start":{"line":225,"column":23},"end":{"line":225,"column":41}},"71":{"start":{"line":226,"column":8},"end":{"line":226,"column":70}},"72":{"start":{"line":228,"column":29},"end":{"line":228,"column":94}},"73":{"start":{"line":228,"column":56},"end":{"line":228,"column":93}},"74":{"start":{"line":229,"column":8},"end":{"line":229,"column":59}},"75":{"start":{"line":231,"column":8},"end":{"line":234,"column":11}},"76":{"start":{"line":232,"column":12},"end":{"line":232,"column":86}},"77":{"start":{"line":233,"column":12},"end":{"line":233,"column":41}},"78":{"start":{"line":236,"column":8},"end":{"line":236,"column":72}},"79":{"start":{"line":237,"column":8},"end":{"line":237,"column":33}},"80":{"start":{"line":238,"column":8},"end":{"line":238,"column":51}},"81":{"start":{"line":240,"column":8},"end":{"line":240,"column":74}},"82":{"start":{"line":241,"column":8},"end":{"line":241,"column":45}},"83":{"start":{"line":242,"column":8},"end":{"line":242,"column":61}},"84":{"start":{"line":244,"column":8},"end":{"line":247,"column":11}},"85":{"start":{"line":249,"column":8},"end":{"line":249,"column":65}},"86":{"start":{"line":250,"column":8},"end":{"line":254,"column":11}},"87":{"start":{"line":258,"column":0},"end":{"line":258,"column":24}}},"fnMap":{"0":{"name":"(anonymous_0)","decl":{"start":{"line":7,"column":16},"end":{"line":7,"column":17}},"loc":{"start":{"line":7,"column":36},"end":{"line":61,"column":1}},"line":7},"1":{"name":"(anonymous_1)","decl":{"start":{"line":64,"column":19},"end":{"line":64,"column":20}},"loc":{"start":{"line":64,"column":39},"end":{"line":87,"column":1}},"line":64},"2":{"name":"(anonymous_2)","decl":{"start":{"line":90,"column":24},"end":{"line":90,"column":25}},"loc":{"start":{"line":90,"column":44},"end":{"line":113,"column":1}},"line":90},"3":{"name":"(anonymous_3)","decl":{"start":{"line":116,"column":20},"end":{"line":116,"column":21}},"loc":{"start":{"line":116,"column":40},"end":{"line":152,"column":1}},"line":116},"4":{"name":"(anonymous_4)","decl":{"start":{"line":155,"column":22},"end":{"line":155,"column":23}},"loc":{"start":{"line":155,"column":42},"end":{"line":219,"column":1}},"line":155},"5":{"name":"(anonymous_5)","decl":{"start":{"line":222,"column":24},"end":{"line":222,"column":25}},"loc":{"start":{"line":222,"column":44},"end":{"line":256,"column":1}},"line":222},"6":{"name":"(anonymous_6)","decl":{"start":{"line":228,"column":46},"end":{"line":228,"column":47}},"loc":{"start":{"line":228,"column":56},"end":{"line":228,"column":93}},"line":228},"7":{"name":"(anonymous_7)","decl":{"start":{"line":231,"column":29},"end":{"line":231,"column":30}},"loc":{"start":{"line":231,"column":47},"end":{"line":234,"column":9}},"line":231}},"branchMap":{"0":{"loc":{"start":{"line":10,"column":12},"end":{"line":10,"column":20}},"type":"default-arg","locations":[{"start":{"line":10,"column":19},"end":{"line":10,"column":20}}],"line":10},"1":{"loc":{"start":{"line":11,"column":12},"end":{"line":11,"column":22}},"type":"default-arg","locations":[{"start":{"line":11,"column":20},"end":{"line":11,"column":22}}],"line":11},"2":{"loc":{"start":{"line":15,"column":12},"end":{"line":15,"column":26}},"type":"default-arg","locations":[{"start":{"line":15,"column":19},"end":{"line":15,"column":26}}],"line":15},"3":{"loc":{"start":{"line":20,"column":8},"end":{"line":25,"column":9}},"type":"if","locations":[{"start":{"line":20,"column":8},"end":{"line":25,"column":9}},{"start":{},"end":{}}],"line":20},"4":{"loc":{"start":{"line":26,"column":8},"end":{"line":30,"column":9}},"type":"if","locations":[{"start":{"line":26,"column":8},"end":{"line":30,"column":9}},{"start":{},"end":{}}],"line":26},"5":{"loc":{"start":{"line":26,"column":12},"end":{"line":26,"column":32}},"type":"binary-expr","locations":[{"start":{"line":26,"column":12},"end":{"line":26,"column":21}},{"start":{"line":26,"column":25},"end":{"line":26,"column":32}}],"line":26},"6":{"loc":{"start":{"line":28,"column":12},"end":{"line":28,"column":66}},"type":"if","locations":[{"start":{"line":28,"column":12},"end":{"line":28,"column":66}},{"start":{},"end":{}}],"line":28},"7":{"loc":{"start":{"line":29,"column":12},"end":{"line":29,"column":62}},"type":"if","locations":[{"start":{"line":29,"column":12},"end":{"line":29,"column":62}},{"start":{},"end":{}}],"line":29},"8":{"loc":{"start":{"line":68,"column":8},"end":{"line":73,"column":9}},"type":"if","locations":[{"start":{"line":68,"column":8},"end":{"line":73,"column":9}},{"start":{},"end":{}}],"line":68},"9":{"loc":{"start":{"line":92,"column":16},"end":{"line":92,"column":25}},"type":"default-arg","locations":[{"start":{"line":92,"column":24},"end":{"line":92,"column":25}}],"line":92},"10":{"loc":{"start":{"line":118,"column":16},"end":{"line":118,"column":24}},"type":"default-arg","locations":[{"start":{"line":118,"column":23},"end":{"line":118,"column":24}}],"line":118},"11":{"loc":{"start":{"line":118,"column":26},"end":{"line":118,"column":36}},"type":"default-arg","locations":[{"start":{"line":118,"column":34},"end":{"line":118,"column":36}}],"line":118},"12":{"loc":{"start":{"line":163,"column":12},"end":{"line":163,"column":20}},"type":"default-arg","locations":[{"start":{"line":163,"column":19},"end":{"line":163,"column":20}}],"line":163},"13":{"loc":{"start":{"line":164,"column":12},"end":{"line":164,"column":22}},"type":"default-arg","locations":[{"start":{"line":164,"column":20},"end":{"line":164,"column":22}}],"line":164},"14":{"loc":{"start":{"line":170,"column":8},"end":{"line":175,"column":9}},"type":"if","locations":[{"start":{"line":170,"column":8},"end":{"line":175,"column":9}},{"start":{},"end":{}}],"line":170},"15":{"loc":{"start":{"line":178,"column":8},"end":{"line":182,"column":9}},"type":"if","locations":[{"start":{"line":178,"column":8},"end":{"line":182,"column":9}},{"start":{},"end":{}}],"line":178},"16":{"loc":{"start":{"line":178,"column":12},"end":{"line":178,"column":32}},"type":"binary-expr","locations":[{"start":{"line":178,"column":12},"end":{"line":178,"column":21}},{"start":{"line":178,"column":25},"end":{"line":178,"column":32}}],"line":178},"17":{"loc":{"start":{"line":180,"column":12},"end":{"line":180,"column":72}},"type":"if","locations":[{"start":{"line":180,"column":12},"end":{"line":180,"column":72}},{"start":{},"end":{}}],"line":180},"18":{"loc":{"start":{"line":181,"column":12},"end":{"line":181,"column":68}},"type":"if","locations":[{"start":{"line":181,"column":12},"end":{"line":181,"column":68}},{"start":{},"end":{}}],"line":181},"19":{"loc":{"start":{"line":185,"column":8},"end":{"line":187,"column":9}},"type":"if","locations":[{"start":{"line":185,"column":8},"end":{"line":187,"column":9}},{"start":{},"end":{}}],"line":185},"20":{"loc":{"start":{"line":188,"column":8},"end":{"line":190,"column":9}},"type":"if","locations":[{"start":{"line":188,"column":8},"end":{"line":190,"column":9}},{"start":{},"end":{}}],"line":188}},"s":{"0":6,"1":6,"2":6,"3":6,"4":6,"5":0,"6":0,"7":0,"8":0,"9":0,"10":0,"11":0,"12":0,"13":0,"14":0,"15":0,"16":0,"17":0,"18":0,"19":0,"20":0,"21":6,"22":0,"23":0,"24":0,"25":0,"26":0,"27":0,"28":0,"29":6,"30":0,"31":0,"32":0,"33":0,"34":0,"35":0,"36":0,"37":6,"38":0,"39":0,"40":0,"41":0,"42":0,"43":0,"44":0,"45":0,"46":6,"47":0,"48":0,"49":0,"50":0,"51":0,"52":0,"53":0,"54":0,"55":0,"56":0,"57":0,"58":0,"59":0,"60":0,"61":0,"62":0,"63":0,"64":0,"65":0,"66":0,"67":6,"68":0,"69":0,"70":0,"71":0,"72":0,"73":0,"74":0,"75":0,"76":0,"77":0,"78":0,"79":0,"80":0,"81":0,"82":0,"83":0,"84":0,"85":0,"86":0,"87":6},"f":{"0":0,"1":0,"2":0,"3":0,"4":0,"5":0,"6":0,"7":0},"b":{"0":[0],"1":[0],"2":[0],"3":[0,0],"4":[0,0],"5":[0,0],"6":[0,0],"7":[0,0],"8":[0,0],"9":[0],"10":[0],"11":[0],"12":[0],"13":[0],"14":[0,0],"15":[0,0],"16":[0,0],"17":[0,0],"18":[0,0],"19":[0,0],"20":[0,0]},"_coverageSchema":"1a1c01bbd47fc00a2c39e90264f33305004495a9","hash":"1885a91d0cc2efe2f664c236098f5f4f674f36ea"}
,"/Users/omer/Ummati-backend/routes/payments.js": {"path":"/Users/omer/Ummati-backend/routes/payments.js","statementMap":{"0":{"start":{"line":1,"column":16},"end":{"line":1,"column":34}},"1":{"start":{"line":2,"column":15},"end":{"line":2,"column":31}},"2":{"start":{"line":3,"column":17},"end":{"line":3,"column":46}},"3":{"start":{"line":4,"column":13},"end":{"line":4,"column":39}},"4":{"start":{"line":5,"column":19},"end":{"line":5,"column":50}},"5":{"start":{"line":6,"column":28},"end":{"line":6,"column":57}},"6":{"start":{"line":7,"column":17},"end":{"line":7,"column":36}},"7":{"start":{"line":10,"column":0},"end":{"line":77,"column":3}},"8":{"start":{"line":11,"column":4},"end":{"line":76,"column":5}},"9":{"start":{"line":12,"column":23},"end":{"line":12,"column":34}},"10":{"start":{"line":13,"column":41},"end":{"line":13,"column":50}},"11":{"start":{"line":16,"column":21},"end":{"line":16,"column":48}},"12":{"start":{"line":17,"column":8},"end":{"line":22,"column":9}},"13":{"start":{"line":18,"column":12},"end":{"line":21,"column":15}},"14":{"start":{"line":25,"column":30},"end":{"line":29,"column":19}},"15":{"start":{"line":32,"column":22},"end":{"line":32,"column":63}},"16":{"start":{"line":35,"column":29},"end":{"line":35,"column":31}},"17":{"start":{"line":36,"column":8},"end":{"line":51,"column":9}},"18":{"start":{"line":37,"column":34},"end":{"line":40,"column":14}},"19":{"start":{"line":42,"column":12},"end":{"line":50,"column":16}},"20":{"start":{"line":42,"column":63},"end":{"line":50,"column":13}},"21":{"start":{"line":54,"column":28},"end":{"line":55,"column":44}},"22":{"start":{"line":55,"column":28},"end":{"line":55,"column":43}},"23":{"start":{"line":57,"column":8},"end":{"line":68,"column":11}},"24":{"start":{"line":70,"column":8},"end":{"line":70,"column":57}},"25":{"start":{"line":71,"column":8},"end":{"line":75,"column":11}},"26":{"start":{"line":80,"column":0},"end":{"line":154,"column":3}},"27":{"start":{"line":81,"column":4},"end":{"line":153,"column":5}},"28":{"start":{"line":82,"column":23},"end":{"line":82,"column":34}},"29":{"start":{"line":85,"column":21},"end":{"line":85,"column":48}},"30":{"start":{"line":86,"column":8},"end":{"line":91,"column":9}},"31":{"start":{"line":87,"column":12},"end":{"line":90,"column":15}},"32":{"start":{"line":94,"column":27},"end":{"line":103,"column":10}},"33":{"start":{"line":106,"column":26},"end":{"line":106,"column":28}},"34":{"start":{"line":107,"column":8},"end":{"line":126,"column":9}},"35":{"start":{"line":108,"column":34},"end":{"line":111,"column":14}},"36":{"start":{"line":113,"column":12},"end":{"line":125,"column":19}},"37":{"start":{"line":114,"column":31},"end":{"line":114,"column":85}},"38":{"start":{"line":115,"column":31},"end":{"line":115,"column":50}},"39":{"start":{"line":117,"column":37},"end":{"line":117,"column":68}},"40":{"start":{"line":117,"column":51},"end":{"line":117,"column":67}},"41":{"start":{"line":118,"column":16},"end":{"line":123,"column":17}},"42":{"start":{"line":119,"column":20},"end":{"line":119,"column":41}},"43":{"start":{"line":120,"column":20},"end":{"line":120,"column":55}},"44":{"start":{"line":122,"column":20},"end":{"line":122,"column":77}},"45":{"start":{"line":124,"column":16},"end":{"line":124,"column":27}},"46":{"start":{"line":129,"column":25},"end":{"line":138,"column":14}},"47":{"start":{"line":130,"column":33},"end":{"line":130,"column":66}},"48":{"start":{"line":130,"column":47},"end":{"line":130,"column":65}},"49":{"start":{"line":131,"column":12},"end":{"line":136,"column":13}},"50":{"start":{"line":132,"column":16},"end":{"line":132,"column":49}},"51":{"start":{"line":133,"column":16},"end":{"line":133,"column":61}},"52":{"start":{"line":135,"column":16},"end":{"line":135,"column":31}},"53":{"start":{"line":137,"column":12},"end":{"line":137,"column":23}},"54":{"start":{"line":140,"column":8},"end":{"line":145,"column":11}},"55":{"start":{"line":147,"column":8},"end":{"line":147,"column":67}},"56":{"start":{"line":148,"column":8},"end":{"line":152,"column":11}},"57":{"start":{"line":156,"column":0},"end":{"line":156,"column":24}}},"fnMap":{"0":{"name":"(anonymous_0)","decl":{"start":{"line":10,"column":33},"end":{"line":10,"column":34}},"loc":{"start":{"line":10,"column":53},"end":{"line":77,"column":1}},"line":10},"1":{"name":"(anonymous_1)","decl":{"start":{"line":42,"column":52},"end":{"line":42,"column":53}},"loc":{"start":{"line":42,"column":63},"end":{"line":50,"column":13}},"line":42},"2":{"name":"(anonymous_2)","decl":{"start":{"line":55,"column":18},"end":{"line":55,"column":19}},"loc":{"start":{"line":55,"column":28},"end":{"line":55,"column":43}},"line":55},"3":{"name":"(anonymous_3)","decl":{"start":{"line":80,"column":38},"end":{"line":80,"column":39}},"loc":{"start":{"line":80,"column":58},"end":{"line":154,"column":1}},"line":80},"4":{"name":"(anonymous_4)","decl":{"start":{"line":113,"column":52},"end":{"line":113,"column":53}},"loc":{"start":{"line":113,"column":69},"end":{"line":125,"column":13}},"line":113},"5":{"name":"(anonymous_5)","decl":{"start":{"line":117,"column":46},"end":{"line":117,"column":47}},"loc":{"start":{"line":117,"column":51},"end":{"line":117,"column":67}},"line":117},"6":{"name":"(anonymous_6)","decl":{"start":{"line":129,"column":64},"end":{"line":129,"column":65}},"loc":{"start":{"line":129,"column":79},"end":{"line":138,"column":9}},"line":129},"7":{"name":"(anonymous_7)","decl":{"start":{"line":130,"column":42},"end":{"line":130,"column":43}},"loc":{"start":{"line":130,"column":47},"end":{"line":130,"column":65}},"line":130}},"branchMap":{"0":{"loc":{"start":{"line":13,"column":16},"end":{"line":13,"column":24}},"type":"default-arg","locations":[{"start":{"line":13,"column":23},"end":{"line":13,"column":24}}],"line":13},"1":{"loc":{"start":{"line":13,"column":26},"end":{"line":13,"column":36}},"type":"default-arg","locations":[{"start":{"line":13,"column":34},"end":{"line":13,"column":36}}],"line":13},"2":{"loc":{"start":{"line":17,"column":8},"end":{"line":22,"column":9}},"type":"if","locations":[{"start":{"line":17,"column":8},"end":{"line":22,"column":9}},{"start":{},"end":{}}],"line":17},"3":{"loc":{"start":{"line":36,"column":8},"end":{"line":51,"column":9}},"type":"if","locations":[{"start":{"line":36,"column":8},"end":{"line":51,"column":9}},{"start":{},"end":{}}],"line":36},"4":{"loc":{"start":{"line":45,"column":29},"end":{"line":45,"column":67}},"type":"binary-expr","locations":[{"start":{"line":45,"column":29},"end":{"line":45,"column":47}},{"start":{"line":45,"column":51},"end":{"line":45,"column":67}}],"line":45},"5":{"loc":{"start":{"line":46,"column":31},"end":{"line":46,"column":76}},"type":"binary-expr","locations":[{"start":{"line":46,"column":31},"end":{"line":46,"column":66}},{"start":{"line":46,"column":70},"end":{"line":46,"column":76}}],"line":46},"6":{"loc":{"start":{"line":47,"column":24},"end":{"line":47,"column":78}},"type":"cond-expr","locations":[{"start":{"line":47,"column":56},"end":{"line":47,"column":67}},{"start":{"line":47,"column":70},"end":{"li
[...]
c":{"start":{"line":19,"column":8},"end":{"line":21,"column":9}},"type":"if","locations":[{"start":{"line":19,"column":8},"end":{"line":21,"column":9}},{"start":{},"end":{}}],"line":19},"1":{"loc":{"start":{"line":25,"column":8},"end":{"line":27,"column":9}},"type":"if","locations":[{"start":{"line":25,"column":8},"end":{"line":27,"column":9}},{"start":{},"end":{}}],"line":25},"2":{"loc":{"start":{"line":30,"column":8},"end":{"line":41,"column":9}},"type":"if","locations":[{"start":{"line":30,"column":8},"end":{"line":41,"column":9}},{"start":{},"end":{}}],"line":30},"3":{"loc":{"start":{"line":45,"column":8},"end":{"line":58,"column":9}},"type":"if","locations":[{"start":{"line":45,"column":8},"end":{"line":58,"column":9}},{"start":{},"end":{}}],"line":45},"4":{"loc":{"start":{"line":79,"column":20},"end":{"line":79,"column":74}},"type":"cond-expr","locations":[{"start":{"line":79,"column":55},"end":{"line":79,"column":63}},{"start":{"line":79,"column":66},"end":{"line":79,"column":74}}],"line":79},"5":{"loc":{"start":{"line":124,"column":8},"end":{"line":126,"column":9}},"type":"if","locations":[{"start":{"line":124,"column":8},"end":{"line":126,"column":9}},{"start":{},"end":{}}],"line":124},"6":{"loc":{"start":{"line":130,"column":8},"end":{"line":132,"column":9}},"type":"if","locations":[{"start":{"line":130,"column":8},"end":{"line":132,"column":9}},{"start":{},"end":{}}],"line":130},"7":{"loc":{"start":{"line":135,"column":8},"end":{"line":137,"column":9}},"type":"if","locations":[{"start":{"line":135,"column":8},"end":{"line":137,"column":9}},{"start":{},"end":{}}],"line":135},"8":{"loc":{"start":{"line":166,"column":8},"end":{"line":168,"column":9}},"type":"if","locations":[{"start":{"line":166,"column":8},"end":{"line":168,"column":9}},{"start":{},"end":{}}],"line":166},"9":{"loc":{"start":{"line":171,"column":8},"end":{"line":173,"column":9}},"type":"if","locations":[{"start":{"line":171,"column":8},"end":{"line":173,"column":9}},{"start":{},"end":{}}],"line":171},"10":{"loc":{"start":{"line":206,"column":8},"end":{"line":208,"column":9}},"type":"if","locations":[{"start":{"line":206,"column":8},"end":{"line":208,"column":9}},{"start":{},"end":{}}],"line":206},"11":{"loc":{"start":{"line":216,"column":8},"end":{"line":232,"column":9}},"type":"if","locations":[{"start":{"line":216,"column":8},"end":{"line":232,"column":9}},{"start":{"line":227,"column":15},"end":{"line":232,"column":9}}],"line":216},"12":{"loc":{"start":{"line":247,"column":8},"end":{"line":249,"column":9}},"type":"if","locations":[{"start":{"line":247,"column":8},"end":{"line":249,"column":9}},{"start":{},"end":{}}],"line":247},"13":{"loc":{"start":{"line":251,"column":8},"end":{"line":253,"column":9}},"type":"if","locations":[{"start":{"line":251,"column":8},"end":{"line":253,"column":9}},{"start":{},"end":{}}],"line":251},"14":{"loc":{"start":{"line":290,"column":8},"end":{"line":541,"column":9}},"type":"switch","locations":[{"start":{"line":291,"column":12},"end":{"line":307,"column":22}},{"start":{"line":309,"column":12},"end":{"line":325,"column":22}},{"start":{"line":327,"column":12},"end":{"line":343,"column":22}},{"start":{"line":345,"column":12},"end":{"line":361,"column":22}},{"start":{"line":363,"column":12},"end":{"line":363,"column":49}},{"start":{"line":364,"column":12},"end":{"line":421,"column":22}},{"start":{"line":423,"column":12},"end":{"line":466,"column":22}},{"start":{"line":468,"column":12},"end":{"line":540,"column":22}}],"line":290},"15":{"loc":{"start":{"line":294,"column":16},"end":{"line":306,"column":17}},"type":"if","locations":[{"start":{"line":294,"column":16},"end":{"line":306,"column":17}},{"start":{},"end":{}}],"line":294},"16":{"loc":{"start":{"line":299,"column":37},"end":{"line":299,"column":77}},"type":"binary-expr","locations":[{"start":{"line":299,"column":37},"end":{"line":299,"column":55}},{"start":{"line":299,"column":59},"end":{"line":299,"column":77}}],"line":299},"17":{"loc":{"start":{"line":300,"column":39},"end":{"line":300,"column":84}},"type":"binary-expr","locations":[{"start":{"line":300,"column":39},"end":{"line":300,"column":74}},{"start":{"line":300,"column":78},"end":{"line":300,"column":84}}],"line":300},"18":{"loc":{"start":{"line":312,"column":16},"end":{"line":324,"column":17}},"type":"if","locations":[{"start":{"line":312,"column":16},"end":{"line":324,"column":17}},{"start":{},"end":{}}],"line":312},"19":{"loc":{"start":{"line":317,"column":37},"end":{"line":317,"column":90}},"type":"binary-expr","locations":[{"start":{"line":317,"column":37},"end":{"line":317,"column":61}},{"start":{"line":317,"column":65},"end":{"line":317,"column":90}}],"line":317},"20":{"loc":{"start":{"line":318,"column":39},"end":{"line":318,"column":90}},"type":"binary-expr","locations":[{"start":{"line":318,"column":39},"end":{"line":318,"column":80}},{"start":{"line":318,"column":84},"end":{"line":318,"column":90}}],"line":318},"21":{"loc":{"start":{"line":330,"column":16},"end":{"line":342,"column":17}},"type":"if","locations":[{"start":{"line":330,"column":16},"end":{"line":342,"column":17}},{"start":{},"end":{}}],"line":330},"22":{"loc":{"start":{"line":335,"column":48},"end":{"line":335,"column":94}},"type":"binary-expr","locations":[{"start":{"line":335,"column":48},"end":{"line":335,"column":74}},{"start":{"line":335,"column":78},"end":{"line":335,"column":94}}],"line":335},"23":{"loc":{"start":{"line":336,"column":39},"end":{"line":336,"column":92}},"type":"binary-expr","locations":[{"start":{"line":336,"column":39},"end":{"line":336,"column":82}},{"start":{"line":336,"column":86},"end":{"line":336,"column":92}}],"line":336},"24":{"loc":{"start":{"line":348,"column":16},"end":{"line":360,"column":17}},"type":"if","locations":[{"start":{"line":348,"column":16},"end":{"line":360,"column":17}},{"start":{},"end":{}}],"line":348},"25":{"loc":{"start":{"line":353,"column":57},"end":{"line":353,"column":105}},"type":"binary-expr","locations":[{"start":{"line":353,"column":57},"end":{"line":353,"column":83}},{"start":{"line":353,"column":87},"end":{"line":353,"column":105}}],"line":353},"26":{"loc":{"start":{"line":354,"column":39},"end":{"line":354,"column":92}},"type":"binary-expr","locations":[{"start":{"line":354,"column":39},"end":{"line":354,"column":82}},{"start":{"line":354,"column":86},"end":{"line":354,"column":92}}],"line":354},"27":{"loc":{"start":{"line":370,"column":16},"end":{"line":420,"column":17}},"type":"if","locations":[{"start":{"line":370,"column":16},"end":{"line":420,"column":17}},{"start":{},"end":{}}],"line":370},"28":{"loc":{"start":{"line":376,"column":53},"end":{"line":376,"column":113}},"type":"cond-expr","locations":[{"start":{"line":376,"column":90},"end":{"line":376,"column":101}},{"start":{"line":376,"column":104},"end":{"line":376,"column":113}}],"line":376},"29":{"loc":{"start":{"line":376,"column":118},"end":{"line":376,"column":176}},"type":"binary-expr","locations":[{"start":{"line":376,"column":118},"end":{"line":376,"column":159}},{"start":{"line":376,"column":163},"end":{"line":376,"column":176}}],"line":376},"30":{"loc":{"start":{"line":378,"column":32},"end":{"line":378,"column":92}},"type":"cond-expr","locations":[{"start":{"line":378,"column":69},"end":{"line":378,"column":80}},{"start":{"line":378,"column":83},"end":{"line":378,"column":92}}],"line":378},"31":{"loc":{"start":{"line":384,"column":20},"end":{"line":418,"column":21}},"type":"if","locations":[{"start":{"line":384,"column":20},"end":{"line":418,"column":21}},{"start":{"line":413,"column":27},"end":{"line":418,"column":21}}],"line":384},"32":{"loc":{"start":{"line":384,"column":24},"end":{"line":384,"column":94}},"type":"binary-expr","locations":[{"start":{"line":384,"column":24},"end":{"line":384,"column":58}},{"start":{"line":384,"column":62},"end":{"line":384,"column":94}}],"line":384},"33":{"loc":{"start":{"line":387,"column":24},"end":{"line":412,"column":25}},"type":"if","locations":[{"start":{"line":387,"column":24},"end":{"line":412,"column":25}},{"start":{},"end":{}}],"line":387},"34":{"loc":{"start":{"line":399,"column":28},"end":{"line":411,"column":29}},"type":"if","locations":[{"start":{"line":399,"column":28},"end":{"line":411,"column":29}},{"start":{},"end":{}}],"line":399},"35":{"loc":{"start":{"line":414,"column":44},"end":{"line":414,"column":98}},"type":"cond-expr","locations":[{"start":{"line":414,"column":79},"end":{"line":414,"column":87}},{"start":{"line":414,"column":90},"end":{"line":414,"column":98}}],"line":414},"36":{"loc":{"start":{"line":429,"column":16},"end":{"line":465,"column":17}},"type":"if","locations":[{"start":{"line":429,"column":16},"end":{"line":465,"column":17}},{"start":{},"end":{}}],"line":429},"37":{"loc":{"start":{"line":442,"column":61},"end":{"line":442,"column":106}},"type":"binary-expr","locations":[{"start":{"line":442,"column":61},"end":{"line":442,"column":80}},{"start":{"line":442,"column":84},"end":{"line":442,"column":106}}],"line":442},"38":{"loc":{"start":{"line":443,"column":39},"end":{"line":443,"column":80}},"type":"cond-expr","locations":[{"start":{"line":443,"column":64},"end":{"line":443,"column":70}},{"start":{"line":443,"column":73},"end":{"line":443,"column":80}}],"line":443},"39":{"loc":{"start":{"line":452,"column":20},"end":{"line":464,"column":21}},"type":"if","locations":[{"start":{"line":452,"column":20},"end":{"line":464,"column":21}},{"start":{},"end":{}}],"line":452},"40":{"loc":{"start":{"line":474,"column":16},"end":{"line":539,"column":17}},"type":"if","locations":[{"start":{"line":474,"column":16},"end":{"line":539,"column":17}},{"start":{},"end":{}}],"line":474},"41":{"loc":{"start":{"line":480,"column":68},"end":{"line":480,"column":119}},"type":"binary-expr","locations":[{"start":{"line":480,"column":68},"end":{"line":480,"column":93}},{"start":{"line":480,"column":97},"end":{"line":480,"column":119}}],"line":480},"42":{"loc":{"start":{"line":481,"column":39},"end":{"line":481,"column":86}},"type":"cond-expr","locations":[{"start":{"line":481,"column":70},"end":{"line":481,"column":76}},{"start":{"line":481,"column":79},"end":{"line":481,"column":86}}],"line":481},"43":{"loc":{"start":{"line":489,"column":62},"end":{"line":489,"column":105}},"type":"binary-expr","locations":[{"start":{"line":489,"column":62},"end":{"line":489,"column":100}},{"start":{"line":489,"column":104},"end":{"line":489,"column":105}}],"line":489},"44":{"loc":{"start":{"line":495,"column":20},"end":{"line":497,"column":21}},"type":"if","locations":[{"start":{"line":495,"column":20},"end":{"line":497,"column":21}},{"start":{},"end":{}}],"line":495},"45":{"loc":{"start":{"line":500,"column":20},"end":{"line":517,"column":21}},"type":"if","locations":[{"start":{"line":500,"column":20},"end":{"line":517,"column":21}},{"start":{},"end":{}}],"line":500},"46":{"loc":{"start":{"line":500,"column":24},"end":{"line":501,"column":105}},"type":"binary-expr","locations":[{"start":{"line":500,"column":24},"end":{"line":500,"column":67}},{"start":{"line":501,"column":25},"end":{"line":501,"column":56}},{"start":{"line":501,"column":60},"end":{"line":501,"column":104}}],"line":500},"47":{"loc":{"start":{"line":505,"column":24},"end":{"line":516,"column":25}},"type":"if","locations":[{"start":{"line":505,"column":24},"end":{"line":516,"column":25}},{"start":{},"end":{}}],"line":505},"48":{"loc":{"start":{"line":523,"column":20},"end":{"line":538,"column":21}},"type":"if","locations":[{"start":{"line":523,"column":20},"end":{"line":538,"column":21}},{"start":{},"end":{}}],"line":523},"49":{"loc":{"start":{"line":530,"column":39},"end":{"line":532,"column":59}},"type":"cond-expr","locations":[{"start":{"line":531,"column":32},"end":{"line":531,"column":125}},{"start":{"line":532,"column":32},"end":{"line":532,"column":59}}],"line":530},"50":{"loc":{"start":{"line":559,"column":8},"end":{"line":561,"column":9}},"type":"if","locations":[{"start":{"line":559,"column":8},"end":{"line":561,"column":9}},{"start":{},"end":{}}],"line":559}},"s":{"0":6,"1":6,"2":6,"3":6,"4":6,"5":6,"6":6,"7":6,"8":6,"9":6,"10":0,"11":0,"12":0,"13":0,"14":0,"15":0,"16":0,"17":0,"18":0,"19":0,"20":0,"21":0,"22":0,"23":0,"24":0,"25":0,"26":0,"27":0,"28":0,"29":0,"30":0,"31":0,"32":0,"33":0,"34":0,"35":0,"36":0,"37":6,"38":0,"39":0,"40":0,"41":0,"42":0,"43":0,"44":0,"45":0,"46":0,"47":0,"48":0,"49":0,"50":0,"51":0,"52":0,"53":0,"54":0,"55":0,"56":0,"57":0,"58":0,"59":6,"60":0,"61":0,"62":0,"63":0,"64":0,"65":0,"66":0,"67":0,"68":0,"69":0,"70":0,"71":0,"72":0,"73":0,"74":0,"75":0,"76":0,"77":6,"78":0,"79":0,"80":0,"81":0,"82":0,"83":0,"84":0,"85":0,"86":0,"87":0,"88":0,"89":0,"90":0,"91":0,"92":0,"93":0,"94":0,"95":6,"96":0,"97":0,"98":0,"99":0,"100":0,"101":0,"102":0,"103":0,"104":0,"105":0,"106":0,"107":0,"108":6,"109":0,"110":0,"111":0,"112":0,"113":0,"114":0,"115":0,"116":0,"117":0,"118":0,"119":0,"120":0,"121":0,"122":0,"123":0,"124":0,"125":0,"126":0,"127":0,"128":0,"129":0,"130":0,"131":0,"132":0,"133":0,"134":0,"135":0,"136":0,"137":0,"138":0,"139":0,"140":0,"141":0,"142":0,"143":0,"144":0,"145":0,"146":0,"147":0,"148":0,"149":0,"150":0,"151":0,"152":0,"153":0,"154":0,"155":0,"156":0,"157":0,"158":0,"159":0,"160":0,"161":0,"162":0,"163":0,"164":0,"165":0,"166":0,"167":0,"168":0,"169":0,"170":0,"171":0,"172":0,"173":0,"174":0,"175":0,"176":0,"177":0,"178":0,"179":0,"180":0,"181":0,"182":0,"183":0,"184":0,"185":0,"186":0,"187":0,"188":0,"189":0,"190":0,"191":0,"192":0,"193":0,"194":0,"195":0,"196":0,"197":0,"198":0,"199":0,"200":0,"201":0,"202":0,"203":0,"204":0,"205":0,"206":0,"207":0,"208":0,"209":0,"210":0,"211":0,"212":6,"213":0,"214":0,"215":0,"216":0,"217":0,"218":0,"219":0,"220":0,"221":6,"222":0,"223":0,"224":0,"225":0,"226":0,"227":6},"f":{"0":0,"1":0,"2":0,"3":0,"4":0,"5":0,"6":0,"7":0},"b":{"0":[0,0],"1":[0,0],"2":[0,0],"3":[0,0],"4":[0,0],"5":[0,0],"6":[0,0],"7":[0,0],"8":[0,0],"9":[0,0],"10":[0,0],"11":[0,0],"12":[0,0],"13":[0,0],"14":[0,0,0,0,0,0,0,0],"15":[0,0],"16":[0,0],"17":[0,0],"18":[0,0],"19":[0,0],"20":[0,0],"21":[0,0],"22":[0,0],"23":[0,0],"24":[0,0],"25":[0,0],"26":[0,0],"27":[0,0],"28":[0,0],"29":[0,0],"30":[0,0],"31":[0,0],"32":[0,0],"33":[0,0],"34":[0,0],"35":[0,0],"36":[0,0],"37":[0,0],"38":[0,0],"39":[0,0],"40":[0,0],"41":[0,0],"42":[0,0],"43":[0,0],"44":[0,0],"45":[0,0],"46":[0,0,0],"47":[0,0],"48":[0,0],"49":[0,0],"50":[0,0]},"_coverageSchema":"1a1c01bbd47fc00a2c39e90264f33305004495a9","hash":"9d3521763cfa7d535b495ceabc0841b79b5eadfd"}
,"/Users/omer/Ummati-backend/routes/users.js": {"path":"/Users/omer/Ummati-backend/routes/users.js","statementMap":{"0":{"start":{"line":1,"column":16},"end":{"line":1,"column":34}},"1":{"start":{"line":2,"column":13},"end":{"line":2,"column":39}},"2":{"start":{"line":4,"column":15},"end":{"line":4,"column":31}},"3":{"start":{"line":7,"column":0},"end":{"line":14,"column":3}},"4":{"start":{"line":8,"column":4},"end":{"line":13,"column":5}},"5":{"start":{"line":9,"column":22},"end":{"line":9,"column":39}},"6":{"start":{"line":10,"column":8},"end":{"line":10,"column":36}},"7":{"start":{"line":12,"column":8},"end":{"line":12,"column":55}},"8":{"start":{"line":17,"column":0},"end":{"line":27,"column":3}},"9":{"start":{"line":18,"column":4},"end":{"line":26,"column":5}},"10":{"start":{"line":19,"column":21},"end":{"line":19,"column":55}},"11":{"start":{"line":20,"column":8},"end":{"line":22,"column":9}},"12":{"start":{"line":21,"column":12},"end":{"line":21,"column":69}},"13":{"start":{"line":23,"column":8},"end":{"line":23,"column":35}},"14":{"start":{"line":25,"column":8},"end":{"line":25,"column":55}},"15":{"start":{"line":30,"column":0},"end":{"line":45,"column":3}},"16":{"start":{"line":31,"column":4},"end":{"line":31,"column":31}},"17":{"start":{"line":32,"column":4},"end":{"line":44,"column":5}},"18":{"start":{"line":33,"column":94},"end":{"line":33,"column":102}},"19":{"start":{"line":34,"column":8},"end":{"line":34,"column":30}},"20":{"start":{"line":35,"column":8},"end":{"line":37,"column":9}},"21":{"start":{"line":36,"column":12},"end":{"line":36,"column":94}},"22":{"start":{"line":38,"column":24},"end":{"line":38,"column":110}},"23":{"start":{"line":39,"column":8},"end":{"line":39,"column":29}},"24":{"start":{"line":41,"column":8},"end":{"line":41,"column":38}},"25":{"start":{"line":43,"column":8},"end":{"line":43,"column":55}},"26":{"start":{"line":48,"column":0},"end":{"line":66,"column":3}},"27":{"start":{"line":49,"column":4},"end":{"line":65,"column":5}},"28":{"start":{"line":50,"column":79},"end":{"line":50,"column":87}},"29":{"start":{"line":52,"column":28},"end":{"line":56,"column":9}},"30":{"start":{"line":58,"column":8},"end":{"line":60,"column":9}},"31":{"start":{"line":59,"column":12},"end":{"line":59,"column":69}},"32":{"start":{"line":62,"column":8},"end":{"line":62,"column":42}},"33":{"start":{"line":64,"column":8},"end":{"line":64,"column":55}},"34":{"start":{"line":69,"column":0},"end":{"line":80,"column":3}},"35":{"start":{"line":70,"column":4},"end":{"line":79,"column":5}},"36":{"start":{"line":71,"column":28},"end":{"line":71,"column":71}},"37":{"start":{"line":72,"column":8},"end":{"line":74,"column":9}},"38":{"start":{"line":73,"column":12},"end":{"line":73,"column":69}},"39":{"start":{"line":76,"column":8},"end":{"line":76,"column":72}},"40":{"start":{"line":78,"column":8},"end":{"line":78,"column":55}},"41":{"start":{"line":82,"column":0},"end":{"line":82,"column":24}}},"fnMap":{"0":{"name":"(anonymous_0)","decl":{"start":{"line":7,"column":16},"end":{"line":7,"column":17}},"loc":{"start":{"line":7,"column":36},"end":{"line":14,"column":1}},"line":7},"1":{"name":"(anonymous_1)","decl":{"start":{"line":17,"column":19},"end":{"line":17,"column":20}},"loc":{"start":{"line":17,"column":39},"end":{"line":27,"column":1}},"line":17},"2":{"name":"(anonymous_2)","decl":{"start":{"line":30,"column":17},"end":{"line":30,"column":18}},"loc":{"start":{"line":30,"column":37},"end":{"line":45,"column":1}},"line":30},"3":{"name":"(anonymous_3)","decl":{"start":{"line":48,"column":19},"end":{"line":48,"column":20}},"loc":{"start":{"line":48,"column":39},"end":{"line":66,"column":1}},"line":48},"4":{"name":"(anonymous_4)","decl":{"start":{"line":69,"column":22},"end":{"line":69,"column":23}},"loc":{"start":{"line":69,"column":42},"end":{"line":80,"column":1}},"line":69}},"branchMap":{"0":{"loc":{"start":{"line":20,"column":8},"end":{"line":22,"column":9}},"type":"if","locations":[{"start":{"line":20,"column":8},"end":{"line":22,"column":9}},{"start":{},"end":{}}],"line":20},"1":{"loc":{"start":{"line":35,"column":8},"end":{"line":37,"column":9}},"type":"if","locations":[{"start":{"line":35,"column":8},"end":{"line":37,"column":9}},{"start":{},"end":{}}],"line":35},"2":{"loc":{"start":{"line":35,"column":12},"end":{"line":35,"column":58}},"type":"binary-expr","locations":[{"start":{"line":35,"column":12},"end":{"line":35,"column":22}},{"start":{"line":35,"column":26},"end":{"line":35,"column":35}},{"start":{"line":35,"column":39},"end":{"line":35,"column":45}},{"start":{"line":35,"column":49},"end":{"line":35,"column":58}}],"line":35},"3":{"loc":{"start":{"line":58,"column":8},"end":{"line":60,"column":9}},"type":"if","locations":[{"start":{"line":58,"column":8},"end":{"line":60,"column":9}},{"start":{},"end":{}}],"line":58},"4":{"loc":{"start":{"line":72,"column":8},"end":{"line":74,"column":9}},"type":"if","locations":[{"start":{"line":72,"column":8},"end":{"line":74,"column":9}},{"start":{},"end":{}}],"line":72}},"s":{"0":6,"1":6,"2":6,"3":6,"4":0,"5":0,"6":0,"7":0,"8":6,"9":0,"10":0,"11":0,"12":0,"13":0,"14":0,"15":6,"16":0,"17":0,"18":0,"19":0,"20":0,"21":0,"22":0,"23":0,"24":0,"25":0,"26":6,"27":0,"28":0,"29":0,"30":0,"31":0,"32":0,"33":0,"34":6,"35":0,"36":0,"37":0,"38":0,"39":0,"40":0,"41":6},"f":{"0":0,"1":0,"2":0,"3":0,"4":0},"b":{"0":[0,0],"1":[0,0],"2":[0,0,0,0],"3":[0,0],"4":[0,0]},"_coverageSchema":"1a1c01bbd47fc00a2c39e90264f33305004495a9","hash":"0e0a4b0d9e04910e9cd7abbac91042619a796de3"}
}
