TN:
SF:app.js
FN:24,(anonymous_0)
FN:25,(anonymous_1)
FN:36,(anonymous_2)
FN:44,(anonymous_3)
FNF:4
FNH:1
FNDA:0,(anonymous_0)
FNDA:6,(anonymous_1)
FNDA:0,(anonymous_2)
FNDA:0,(anonymous_3)
DA:1,6
DA:2,6
DA:3,6
DA:4,6
DA:5,6
DA:6,6
DA:7,6
DA:8,6
DA:9,6
DA:10,6
DA:11,6
DA:14,6
DA:16,6
DA:19,6
DA:20,6
DA:23,6
DA:24,0
DA:25,6
DA:28,6
DA:29,6
DA:30,6
DA:31,6
DA:32,6
DA:33,6
DA:36,6
DA:37,0
DA:38,0
DA:41,6
DA:43,6
DA:44,0
DA:45,0
DA:49,6
LF:32
LH:27
BRDA:41,0,0,6
BRDA:41,0,1,0
BRDA:43,1,0,0
BRDA:43,1,1,6
BRF:4
BRH:2
end_of_record
TN:
SF:middleware/auth.js
FN:4,(anonymous_0)
FNF:1
FNH:0
FNDA:0,(anonymous_0)
DA:1,6
DA:2,6
DA:4,6
DA:5,0
DA:6,0
DA:7,0
DA:10,0
DA:11,0
DA:14,0
DA:15,0
DA:16,0
DA:17,0
DA:19,0
LF:13
LH:3
BRDA:6,0,0,0
BRDA:6,0,1,0
BRDA:10,1,0,0
BRDA:10,1,1,0
BRF:4
BRH:0
end_of_record
TN:
SF:middleware/blacklist.js
FN:5,(anonymous_0)
FN:10,(anonymous_1)
FNF:2
FNH:0
FNDA:0,(anonymous_0)
FNDA:0,(anonymous_1)
DA:2,6
DA:5,6
DA:6,0
DA:10,6
DA:11,0
DA:14,6
LF:6
LH:4
BRF:0
BRH:0
end_of_record
TN:
SF:middleware/nodemailer.js
FNF:0
FNH:0
DA:1,6
DA:3,6
DA:13,6
LF:3
LH:3
BRF:0
BRH:0
end_of_record
TN:
SF:middleware/s3.js
FN:23,(anonymous_0)
FNF:1
FNH:0
FNDA:0,(anonymous_0)
DA:1,6
DA:2,6
DA:3,6
DA:6,6
DA:15,6
DA:17,6
DA:23,6
DA:24,0
DA:26,0
DA:27,0
DA:30,0
DA:31,0
DA:33,0
DA:40,0
DA:50,0
DA:53,0
DA:54,0
DA:56,0
DA:58,0
DA:59,0
DA:67,6
LF:21
LH:8
BRDA:26,0,0,0
BRDA:26,0,1,0
BRF:2
BRH:0
end_of_record
TN:
SF:middleware/stripe.js
FN:4,(anonymous_0)
FN:23,(anonymous_1)
FN:82,(anonymous_2)
FN:93,(anonymous_3)
FN:109,(anonymous_4)
FN:156,(anonymous_5)
FNF:6
FNH:0
FNDA:0,(anonymous_0)
FNDA:0,(anonymous_1)
FNDA:0,(anonymous_2)
FNDA:0,(anonymous_3)
FNDA:0,(anonymous_4)
FNDA:0,(anonymous_5)
DA:1,6
DA:4,6
DA:5,0
DA:6,0
DA:15,0
DA:17,0
DA:18,0
DA:23,6
DA:24,0
DA:26,0
DA:28,0
DA:38,0
DA:42,0
DA:46,0
DA:51,0
DA:60,0
DA:74,0
DA:76,0
DA:77,0
DA:82,6
DA:83,0
DA:84,0
DA:85,0
DA:87,0
DA:88,0
DA:93,6
DA:94,0
DA:95,0
DA:101,0
DA:103,0
DA:104,0
DA:109,6
DA:110,0
DA:111,0
DA:114,0
DA:116,0
DA:126,0
DA:130,0
DA:131,0
DA:136,0
DA:137,0
DA:142,0
DA:148,0
DA:150,0
DA:151,0
DA:156,6
DA:157,0
DA:158,0
DA:163,0
DA:165,0
DA:166,0
DA:170,6
LF:52
LH:8
BRDA:26,0,0,0
BRDA:26,0,1,0
BRDA:114,1,0,0
BRDA:114,1,1,0
BRDA:136,2,0,0
BRDA:136,2,1,0
BRDA:156,3,0,0
BRDA:161,4,0,0
BRDA:161,4,1,0
BRF:9
BRH:0
end_of_record
TN:
SF:models/Events.js
FNF:0
FNH:0
DA:1,6
DA:3,6
DA:21,6
LF:3
LH:3
BRF:0
BRH:0
end_of_record
TN:
SF:models/MembershipTier.js
FN:8,(anonymous_0)
FN:17,(anonymous_1)
FNF:2
FNH:0
FNDA:0,(anonymous_0)
FNDA:0,(anonymous_1)
DA:1,6
DA:3,6
DA:9,0
DA:18,0
DA:29,6
LF:5
LH:3
BRF:0
BRH:0
end_of_record
TN:
SF:models/Membersip.js
FN:28,(anonymous_0)
FNF:1
FNH:0
FNDA:0,(anonymous_0)
DA:1,6
DA:3,6
DA:28,6
DA:29,0
DA:30,0
DA:31,0
DA:33,0
DA:35,0
DA:36,0
DA:37,0
DA:40,0
DA:43,6
LF:12
LH:4
BRDA:29,0,0,0
BRDA:29,0,1,0
BRDA:33,1,0,0
BRDA:33,1,1,0
BRDA:33,2,0,0
BRDA:33,2,1,0
BRF:6
BRH:0
end_of_record
TN:
SF:models/Payments.js
FNF:0
FNH:0
DA:1,6
DA:3,6
DA:24,6
LF:3
LH:3
BRF:0
BRH:0
end_of_record
TN:
SF:models/QRCode.js
FN:37,(anonymous_0)
FNF:1
FNH:0
FNDA:0,(anonymous_0)
DA:1,1
DA:3,1
DA:33,1
DA:34,1
DA:37,1
DA:38,0
DA:41,1
LF:7
LH:6
BRF:0
BRH:0
end_of_record
TN:
SF:models/Users.js
FNF:0
FNH:0
DA:1,6
DA:3,6
DA:21,6
LF:3
LH:3
BRF:0
BRH:0
end_of_record
TN:
SF:routes/admin.js
FN:12,(anonymous_0)
FN:32,(anonymous_1)
FN:102,(anonymous_2)
FN:151,(anonymous_3)
FN:182,(anonymous_4)
FN:231,(anonymous_5)
FN:245,(anonymous_6)
FN:289,(anonymous_7)
FN:298,(anonymous_8)
FN:326,(anonymous_9)
FN:366,(anonymous_10)
FN:416,(anonymous_11)
FN:442,(anonymous_12)
FN:474,(anonymous_13)
FNF:14
FNH:0
FNDA:0,(anonymous_0)
FNDA:0,(anonymous_1)
FNDA:0,(anonymous_2)
FNDA:0,(anonymous_3)
FNDA:0,(anonymous_4)
FNDA:0,(anonymous_5)
FNDA:0,(anonymous_6)
FNDA:0,(anonymous_7)
FNDA:0,(anonymous_8)
FNDA:0,(anonymous_9)
FNDA:0,(anonymous_10)
FNDA:0,(anonymous_11)
FNDA:0,(anonymous_12)
FNDA:0,(anonymous_13)
DA:1,6
DA:2,6
DA:3,6
DA:4,6
DA:5,6
DA:6,6
DA:7,6
DA:8,6
DA:9,6
DA:12,6
DA:13,0
DA:14,0
DA:15,0
DA:16,0
DA:21,0
DA:23,0
DA:32,6
DA:33,0
DA:35,0
DA:38,0
DA:41,0
DA:47,0
DA:53,0
DA:60,0
DA:61,0
DA:63,0
DA:78,0
DA:92,0
DA:93,0
DA:102,6
DA:103,0
DA:104,0
DA:107,0
DA:108,0
DA:109,0
DA:114,0
DA:115,0
DA:119,0
DA:122,0
DA:128,0
DA:141,0
DA:142,0
DA:151,6
DA:152,0
DA:153,0
DA:154,0
DA:160,0
DA:161,0
DA:167,0
DA:172,0
DA:173,0
DA:182,6
DA:183,0
DA:184,0
DA:195,0
DA:212,0
DA:220,0
DA:221,0
DA:231,6
DA:232,0
DA:233,0
DA:237,0
DA:239,0
DA:240,0
DA:245,6
DA:246,0
DA:247,0
DA:248,0
DA:249,0
DA:252,0
DA:253,0
DA:257,0
DA:263,0
DA:266,0
DA:276,0
DA:278,0
DA:283,0
DA:284,0
DA:289,6
DA:290,0
DA:291,0
DA:297,0
DA:299,0
DA:302,0
DA:309,0
DA:314,0
DA:315,0
DA:326,6
DA:327,0
DA:328,0
DA:331,0
DA:332,0
DA:339,0
DA:349,0
DA:351,0
DA:356,0
DA:357,0
DA:366,6
DA:367,0
DA:368,0
DA:371,0
DA:372,0
DA:373,0
DA:378,0
DA:379,0
DA:380,0
DA:381,0
DA:385,0
DA:388,0
DA:393,0
DA:406,0
DA:407,0
DA:416,6
DA:417,0
DA:418,0
DA:420,0
DA:421,0
DA:427,0
DA:432,0
DA:433,0
DA:442,6
DA:443,0
DA:444,0
DA:446,0
DA:452,0
DA:453,0
DA:459,0
DA:464,0
DA:465,0
DA:474,6
DA:475,0
DA:476,0
DA:478,0
DA:479,0
DA:485,0
DA:490,0
DA:491,0
DA:499,6
LF:138
LH:23
BRDA:15,0,0,0
BRDA:15,0,1,0
BRDA:15,1,0,0
BRDA:15,1,1,0
BRDA:84,2,0,0
BRDA:84,2,1,0
BRDA:104,3,0,0
BRDA:104,4,0,0
BRDA:108,5,0,0
BRDA:108,5,1,0
BRDA:114,6,0,0
BRDA:114,6,1,0
BRDA:160,7,0,0
BRDA:160,7,1,0
BRDA:248,8,0,0
BRDA:248,8,1,0
BRDA:252,9,0,0
BRDA:252,9,1,0
BRDA:252,10,0,0
BRDA:252,10,1,0
BRDA:331,11,0,0
BRDA:331,11,1,0
BRDA:331,12,0,0
BRDA:331,12,1,0
BRDA:331,12,2,0
BRDA:331,12,3,0
BRDA:331,12,4,0
BRDA:368,13,0,0
BRDA:368,14,0,0
BRDA:372,15,0,0
BRDA:372,15,1,0
BRDA:378,16,0,0
BRDA:378,16,1,0
BRDA:378,17,0,0
BRDA:378,17,1,0
BRDA:380,18,0,0
BRDA:380,18,1,0
BRDA:381,19,0,0
BRDA:381,19,1,0
BRDA:420,20,0,0
BRDA:420,20,1,0
BRDA:452,21,0,0
BRDA:452,21,1,0
BRDA:478,22,0,0
BRDA:478,22,1,0
BRF:45
BRH:0
end_of_record
TN:
SF:routes/auth.js
FN:16,(anonymous_0)
FN:65,(anonymous_1)
FN:108,(anonymous_2)
FN:159,(anonymous_3)
FN:185,(anonymous_4)
FN:226,(anonymous_5)
FN:255,(anonymous_6)
FN:288,(anonymous_7)
FN:304,(anonymous_8)
FNF:9
FNH:0
FNDA:0,(anonymous_0)
FNDA:0,(anonymous_1)
FNDA:0,(anonymous_2)
FNDA:0,(anonymous_3)
FNDA:0,(anonymous_4)
FNDA:0,(anonymous_5)
FNDA:0,(anonymous_6)
FNDA:0,(anonymous_7)
FNDA:0,(anonymous_8)
DA:1,6
DA:2,6
DA:3,6
DA:4,6
DA:5,6
DA:6,6
DA:7,6
DA:8,6
DA:9,6
DA:10,6
DA:11,6
DA:13,6
DA:16,6
DA:17,0
DA:18,0
DA:20,0
DA:21,0
DA:24,0
DA:25,0
DA:26,0
DA:29,0
DA:31,0
DA:34,0
DA:35,0
DA:36,0
DA:37,0
DA:41,0
DA:49,0
DA:52,0
DA:53,0
DA:59,0
DA:60,0
DA:65,6
DA:66,0
DA:67,0
DA:70,0
DA:71,0
DA:75,0
DA:76,0
DA:77,0
DA:81,0
DA:82,0
DA:83,0
DA:87,0
DA:90,0
DA:102,0
DA:108,6
DA:109,0
DA:110,0
DA:113,0
DA:114,0
DA:118,0
DA:119,0
DA:120,0
DA:124,0
DA:125,0
DA:126,0
DA:127,0
DA:130,0
DA:140,0
DA:141,0
DA:149,0
DA:150,0
DA:152,0
DA:153,0
DA:159,6
DA:160,0
DA:161,0
DA:162,0
DA:165,0
DA:166,0
DA:168,0
DA:169,0
DA:173,0
DA:174,0
DA:175,0
DA:176,0
DA:178,0
DA:180,0
DA:185,6
DA:186,0
DA:187,0
DA:188,0
DA:191,0
DA:192,0
DA:193,0
DA:194,0
DA:195,0
DA:196,0
DA:197,0
DA:198,0
DA:199,0
DA:200,0
DA:203,0
DA:209,0
DA:210,0
DA:213,0
DA:218,0
DA:219,0
DA:226,6
DA:227,0
DA:228,0
DA:230,0
DA:231,0
DA:232,0
DA:235,0
DA:241,0
DA:244,0
DA:249,0
DA:250,0
DA:255,6
DA:256,0
DA:257,0
DA:259,0
DA:260,0
DA:263,0
DA:266,0
DA:272,0
DA:273,0
DA:276,0
DA:281,0
DA:282,0
DA:288,6
DA:289,0
DA:290,0
DA:291,0
DA:293,0
DA:294,0
DA:297,0
DA:299,0
DA:304,6
DA:305,0
DA:307,0
DA:309,0
DA:310,0
DA:314,0
DA:316,0
DA:318,0
DA:319,0
DA:324,6
LF:140
LH:22
BRDA:20,0,0,0
BRDA:20,0,1,0
BRDA:20,1,0,0
BRDA:20,1,1,0
BRDA:20,1,2,0
BRDA:20,1,3,0
BRDA:25,2,0,0
BRDA:25,2,1,0
BRDA:35,3,0,0
BRDA:35,3,1,0
BRDA:70,4,0,0
BRDA:70,4,1,0
BRDA:70,5,0,0
BRDA:70,5,1,0
BRDA:76,6,0,0
BRDA:76,6,1,0
BRDA:82,7,0,0
BRDA:82,7,1,0
BRDA:98,8,0,0
BRDA:98,8,1,0
BRDA:113,9,0,0
BRDA:113,9,1,0
BRDA:119,10,0,0
BRDA:119,10,1,0
BRDA:168,11,0,0
BRDA:168,11,1,0
BRDA:192,12,0,0
BRDA:192,12,1,0
BRDA:193,13,0,0
BRDA:193,13,1,0
BRDA:194,14,0,0
BRDA:194,14,1,0
BRDA:195,15,0,0
BRDA:195,15,1,0
BRDA:196,16,0,0
BRDA:196,16,1,0
BRDA:197,17,0,0
BRDA:197,17,1,0
BRDA:198,18,0,0
BRDA:198,18,1,0
BRDA:199,19,0,0
BRDA:199,19,1,0
BRDA:200,20,0,0
BRDA:200,20,1,0
BRDA:209,21,0,0
BRDA:209,21,1,0
BRDA:230,22,0,0
BRDA:230,22,1,0
BRDA:259,23,0,0
BRDA:259,23,1,0
BRDA:259,24,0,0
BRDA:259,24,1,0
BRDA:272,25,0,0
BRDA:272,25,1,0
BRDA:293,26,0,0
BRDA:293,26,1,0
BRDA:309,27,0,0
BRDA:309,27,1,0
BRF:58
BRH:0
end_of_record
TN:
SF:routes/events.js
FN:7,(anonymous_0)
FN:64,(anonymous_1)
FN:90,(anonymous_2)
FN:116,(anonymous_3)
FN:155,(anonymous_4)
FN:222,(anonymous_5)
FN:228,(anonymous_6)
FN:231,(anonymous_7)
FNF:8
FNH:0
FNDA:0,(anonymous_0)
FNDA:0,(anonymous_1)
FNDA:0,(anonymous_2)
FNDA:0,(anonymous_3)
FNDA:0,(anonymous_4)
FNDA:0,(anonymous_5)
FNDA:0,(anonymous_6)
FNDA:0,(anonymous_7)
DA:1,6
DA:2,6
DA:3,6
DA:4,6
DA:7,6
DA:8,0
DA:16,0
DA:19,0
DA:20,0
DA:21,0
DA:26,0
DA:27,0
DA:28,0
DA:29,0
DA:33,0
DA:36,0
DA:41,0
DA:54,0
DA:55,0
DA:64,6
DA:65,0
DA:66,0
DA:68,0
DA:69,0
DA:75,0
DA:80,0
DA:81,0
DA:90,6
DA:91,0
DA:92,0
DA:93,0
DA:95,0
DA:101,0
DA:106,0
DA:107,0
DA:116,6
DA:117,0
DA:118,0
DA:119,0
DA:121,0
DA:125,0
DA:132,0
DA:145,0
DA:146,0
DA:155,6
DA:156,0
DA:165,0
DA:167,0
DA:170,0
DA:171,0
DA:178,0
DA:179,0
DA:180,0
DA:181,0
DA:185,0
DA:186,0
DA:188,0
DA:189,0
DA:192,0
DA:194,0
DA:199,0
DA:212,0
DA:213,0
DA:222,6
DA:223,0
DA:224,0
DA:225,0
DA:226,0
DA:228,0
DA:229,0
DA:231,0
DA:232,0
DA:233,0
DA:236,0
DA:237,0
DA:238,0
DA:240,0
DA:241,0
DA:242,0
DA:244,0
DA:249,0
DA:250,0
DA:258,6
LF:83
LH:11
BRDA:10,0,0,0
BRDA:11,1,0,0
BRDA:15,2,0,0
BRDA:20,3,0,0
BRDA:20,3,1,0
BRDA:26,4,0,0
BRDA:26,4,1,0
BRDA:26,5,0,0
BRDA:26,5,1,0
BRDA:28,6,0,0
BRDA:28,6,1,0
BRDA:29,7,0,0
BRDA:29,7,1,0
BRDA:68,8,0,0
BRDA:68,8,1,0
BRDA:92,9,0,0
BRDA:118,10,0,0
BRDA:118,11,0,0
BRDA:163,12,0,0
BRDA:164,13,0,0
BRDA:170,14,0,0
BRDA:170,14,1,0
BRDA:178,15,0,0
BRDA:178,15,1,0
BRDA:178,16,0,0
BRDA:178,16,1,0
BRDA:180,17,0,0
BRDA:180,17,1,0
BRDA:181,18,0,0
BRDA:181,18,1,0
BRDA:185,19,0,0
BRDA:185,19,1,0
BRDA:188,20,0,0
BRDA:188,20,1,0
BRF:34
BRH:0
end_of_record
TN:
SF:routes/payments.js
FN:10,(anonymous_0)
FN:42,(anonymous_1)
FN:55,(anonymous_2)
FN:80,(anonymous_3)
FN:113,(anonymous_4)
FN:117,(anonymous_5)
FN:129,(anonymous_6)
FN:130,(anonymous_7)
FNF:8
FNH:0
FNDA:0,(anonymous_0)
FNDA:0,(anonymous_1)
FNDA:0,(anonymous_2)
FNDA:0,(anonymous_3)
FNDA:0,(anonymous_4)
FNDA:0,(anonymous_5)
FNDA:0,(anonymous_6)
FNDA:0,(anonymous_7)
DA:1,6
DA:2,6
DA:3,6
DA:4,6
DA:5,6
DA:6,6
DA:7,6
DA:10,6
DA:11,0
DA:12,0
DA:13,0
DA:16,0
DA:17,0
DA:18,0
DA:25,0
DA:32,0
DA:35,0
DA:36,0
DA:37,0
DA:42,0
DA:54,0
DA:55,0
DA:57,0
DA:70,0
DA:71,0
DA:80,6
DA:81,0
DA:82,0
DA:85,0
DA:86,0
DA:87,0
DA:94,0
DA:106,0
DA:107,0
DA:108,0
DA:113,0
DA:114,0
DA:115,0
DA:117,0
DA:118,0
DA:119,0
DA:120,0
DA:122,0
DA:124,0
DA:129,0
DA:130,0
DA:131,0
DA:132,0
DA:133,0
DA:135,0
DA:137,0
DA:140,0
DA:147,0
DA:148,0
DA:156,6
LF:55
LH:10
BRDA:13,0,0,0
BRDA:13,1,0,0
BRDA:17,2,0,0
BRDA:17,2,1,0
BRDA:36,3,0,0
BRDA:36,3,1,0
BRDA:45,4,0,0
BRDA:45,4,1,0
BRDA:46,5,0,0
BRDA:46,5,1,0
BRDA:47,6,0,0
BRDA:47,6,1,0
BRDA:86,7,0,0
BRDA:86,7,1,0
BRDA:107,8,0,0
BRDA:107,8,1,0
BRDA:114,9,0,0
BRDA:114,9,1,0
BRDA:118,10,0,0
BRDA:118,10,1,0
BRDA:131,11,0,0
BRDA:131,11,1,0
BRF:22
BRH:0
end_of_record
TN:
SF:routes/stripe.js
FN:12,(anonymous_0)
FN:119,(anonymous_1)
FN:160,(anonymous_2)
FN:195,(anonymous_3)
FN:240,(anonymous_4)
FN:274,(anonymous_5)
FN:551,(anonymous_6)
FN:576,(anonymous_7)
FNF:8
FNH:0
FNDA:0,(anonymous_0)
FNDA:0,(anonymous_1)
FNDA:0,(anonymous_2)
FNDA:0,(anonymous_3)
FNDA:0,(anonymous_4)
FNDA:0,(anonymous_5)
FNDA:0,(anonymous_6)
FNDA:0,(anonymous_7)
DA:1,6
DA:2,6
DA:3,6
DA:4,6
DA:5,6
DA:6,6
DA:7,6
DA:8,6
DA:9,6
DA:12,6
DA:13,0
DA:14,0
DA:15,0
DA:18,0
DA:19,0
DA:20,0
DA:24,0
DA:25,0
DA:26,0
DA:30,0
DA:31,0
DA:39,0
DA:40,0
DA:44,0
DA:45,0
DA:46,0
DA:55,0
DA:56,0
DA:57,0
DA:61,0
DA:71,0
DA:84,0
DA:87,0
DA:105,0
DA:107,0
DA:113,0
DA:114,0
DA:119,6
DA:120,0
DA:121,0
DA:122,0
DA:124,0
DA:125,0
DA:129,0
DA:130,0
DA:131,0
DA:135,0
DA:136,0
DA:140,0
DA:141,0
DA:142,0
DA:143,0
DA:144,0
DA:145,0
DA:146,0
DA:147,0
DA:149,0
DA:154,0
DA:155,0
DA:160,6
DA:161,0
DA:162,0
DA:163,0
DA:165,0
DA:166,0
DA:167,0
DA:170,0
DA:171,0
DA:172,0
DA:176,0
DA:182,0
DA:183,0
DA:184,0
DA:185,0
DA:187,0
DA:189,0
DA:190,0
DA:195,6
DA:196,0
DA:197,0
DA:198,0
DA:201,0
DA:206,0
DA:207,0
DA:211,0
DA:214,0
DA:216,0
DA:218,0
DA:219,0
DA:220,0
DA:221,0
DA:223,0
DA:228,0
DA:234,0
DA:235,0
DA:240,6
DA:241,0
DA:242,0
DA:243,0
DA:246,0
DA:247,0
DA:248,0
DA:251,0
DA:252,0
DA:256,0
DA:264,0
DA:268,0
DA:269,0
DA:274,6
DA:275,0
DA:278,0
DA:279,0
DA:285,0
DA:286,0
DA:289,0
DA:290,0
DA:292,0
DA:293,0
DA:294,0
DA:295,0
DA:305,0
DA:307,0
DA:310,0
DA:311,0
DA:312,0
DA:313,0
DA:323,0
DA:325,0
DA:328,0
DA:329,0
DA:330,0
DA:331,0
DA:341,0
DA:343,0
DA:346,0
DA:347,0
DA:348,0
DA:349,0
DA:359,0
DA:361,0
DA:365,0
DA:366,0
DA:370,0
DA:372,0
DA:382,0
DA:384,0
DA:386,0
DA:387,0
DA:389,0
DA:390,0
DA:391,0
DA:392,0
DA:393,0
DA:394,0
DA:395,0
DA:398,0
DA:399,0
DA:400,0
DA:410,0
DA:414,0
DA:415,0
DA:416,0
DA:417,0
DA:419,0
DA:421,0
DA:424,0
DA:425,0
DA:429,0
DA:431,0
DA:432,0
DA:433,0
DA:434,0
DA:435,0
DA:438,0
DA:448,0
DA:451,0
DA:452,0
DA:453,0
DA:463,0
DA:466,0
DA:469,0
DA:470,0
DA:474,0
DA:476,0
DA:486,0
DA:489,0
DA:490,0
DA:491,0
DA:492,0
DA:495,0
DA:496,0
DA:500,0
DA:504,0
DA:505,0
DA:507,0
DA:508,0
DA:509,0
DA:510,0
DA:511,0
DA:512,0
DA:513,0
DA:514,0
DA:515,0
DA:519,0
DA:522,0
DA:523,0
DA:525,0
DA:537,0
DA:540,0
DA:543,0
DA:545,0
DA:546,0
DA:551,6
DA:552,0
DA:553,0
DA:556,0
DA:559,0
DA:560,0
DA:563,0
DA:570,0
DA:571,0
DA:576,6
DA:577,0
DA:578,0
DA:579,0
DA:581,0
DA:582,0
DA:586,6
LF:228
LH:18
BRDA:19,0,0,0
BRDA:19,0,1,0
BRDA:25,1,0,0
BRDA:25,1,1,0
BRDA:30,2,0,0
BRDA:30,2,1,0
BRDA:45,3,0,0
BRDA:45,3,1,0
BRDA:79,4,0,0
BRDA:79,4,1,0
BRDA:124,5,0,0
BRDA:124,5,1,0
BRDA:130,6,0,0
BRDA:130,6,1,0
BRDA:135,7,0,0
BRDA:135,7,1,0
BRDA:166,8,0,0
BRDA:166,8,1,0
BRDA:171,9,0,0
BRDA:171,9,1,0
BRDA:206,10,0,0
BRDA:206,10,1,0
BRDA:216,11,0,0
BRDA:216,11,1,0
BRDA:247,12,0,0
BRDA:247,12,1,0
BRDA:251,13,0,0
BRDA:251,13,1,0
BRDA:290,14,0,0
BRDA:290,14,1,0
BRDA:290,14,2,0
BRDA:290,14,3,0
BRDA:290,14,4,0
BRDA:290,14,5,0
BRDA:290,14,6,0
BRDA:290,14,7,0
BRDA:294,15,0,0
BRDA:294,15,1,0
BRDA:299,16,0,0
BRDA:299,16,1,0
BRDA:300,17,0,0
BRDA:300,17,1,0
BRDA:312,18,0,0
BRDA:312,18,1,0
BRDA:317,19,0,0
BRDA:317,19,1,0
BRDA:318,20,0,0
BRDA:318,20,1,0
BRDA:330,21,0,0
BRDA:330,21,1,0
BRDA:335,22,0,0
BRDA:335,22,1,0
BRDA:336,23,0,0
BRDA:336,23,1,0
BRDA:348,24,0,0
BRDA:348,24,1,0
BRDA:353,25,0,0
BRDA:353,25,1,0
BRDA:354,26,0,0
BRDA:354,26,1,0
BRDA:370,27,0,0
BRDA:370,27,1,0
BRDA:376,28,0,0
BRDA:376,28,1,0
BRDA:376,29,0,0
BRDA:376,29,1,0
BRDA:378,30,0,0
BRDA:378,30,1,0
BRDA:384,31,0,0
BRDA:384,31,1,0
BRDA:384,32,0,0
BRDA:384,32,1,0
BRDA:387,33,0,0
BRDA:387,33,1,0
BRDA:399,34,0,0
BRDA:399,34,1,0
BRDA:414,35,0,0
BRDA:414,35,1,0
BRDA:429,36,0,0
BRDA:429,36,1,0
BRDA:442,37,0,0
BRDA:442,37,1,0
BRDA:443,38,0,0
BRDA:443,38,1,0
BRDA:452,39,0,0
BRDA:452,39,1,0
BRDA:474,40,0,0
BRDA:474,40,1,0
BRDA:480,41,0,0
BRDA:480,41,1,0
BRDA:481,42,0,0
BRDA:481,42,1,0
BRDA:489,43,0,0
BRDA:489,43,1,0
BRDA:495,44,0,0
BRDA:495,44,1,0
BRDA:500,45,0,0
BRDA:500,45,1,0
BRDA:500,46,0,0
BRDA:500,46,1,0
BRDA:500,46,2,0
BRDA:505,47,0,0
BRDA:505,47,1,0
BRDA:523,48,0,0
BRDA:523,48,1,0
BRDA:530,49,0,0
BRDA:530,49,1,0
BRDA:559,50,0,0
BRDA:559,50,1,0
BRF:109
BRH:0
end_of_record
TN:
SF:routes/users.js
FN:7,(anonymous_0)
FN:17,(anonymous_1)
FN:30,(anonymous_2)
FN:48,(anonymous_3)
FN:69,(anonymous_4)
FNF:5
FNH:0
FNDA:0,(anonymous_0)
FNDA:0,(anonymous_1)
FNDA:0,(anonymous_2)
FNDA:0,(anonymous_3)
FNDA:0,(anonymous_4)
DA:1,6
DA:2,6
DA:4,6
DA:7,6
DA:8,0
DA:9,0
DA:10,0
DA:12,0
DA:17,6
DA:18,0
DA:19,0
DA:20,0
DA:21,0
DA:23,0
DA:25,0
DA:30,6
DA:31,0
DA:32,0
DA:33,0
DA:34,0
DA:35,0
DA:36,0
DA:38,0
DA:39,0
DA:41,0
DA:43,0
DA:48,6
DA:49,0
DA:50,0
DA:52,0
DA:58,0
DA:59,0
DA:62,0
DA:64,0
DA:69,6
DA:70,0
DA:71,0
DA:72,0
DA:73,0
DA:76,0
DA:78,0
DA:82,6
LF:42
LH:9
BRDA:20,0,0,0
BRDA:20,0,1,0
BRDA:35,1,0,0
BRDA:35,1,1,0
BRDA:35,2,0,0
BRDA:35,2,1,0
BRDA:35,2,2,0
BRDA:35,2,3,0
BRDA:58,3,0,0
BRDA:58,3,1,0
BRDA:72,4,0,0
BRDA:72,4,1,0
BRF:12
BRH:0
end_of_record
